--------------------------------------------------------------------------------
CPU name:	Intel(R) Core(TM) i5-7500 CPU @ 3.40GHz
CPU type:	Intel Coffeelake processor
CPU clock:	3.41 GHz
--------------------------------------------------------------------------------
matriz 1

tam : 512
iteracoes: 10

iter 1: 32
iter 2: 32
iter 3: 8.18355103931603e-12
iter 4: 5.26269983458729e-13
iter 5: 5.23033186481397e-13
iter 6: 5.24900994389688e-13
iter 7: 5.23084143633995e-13
iter 8: 5.21306739012077e-13
iter 9: 5.24106992133209e-13
iter 10: 5.24643863637956e-13

LU_tempo: 157.792935013771
iter_tempo: 1410.72423505783
residuo_tempo: 8337.32766008377

--------------------------------------------------------------------------------
Region teste_fatoracaoLU_512, Group 1: FLOPS_DP
+-------------------+----------+
|    Region Info    |  Core 1  |
+-------------------+----------+
| RDTSC Runtime [s] | 0.362857 |
|     call count    |        1 |
+-------------------+----------+

+------------------------------------------+---------+------------+
|                   Event                  | Counter |   Core 1   |
+------------------------------------------+---------+------------+
|             INSTR_RETIRED_ANY            |  FIXC0  | 4728338000 |
|           CPU_CLK_UNHALTED_CORE          |  FIXC1  | 1363879000 |
|           CPU_CLK_UNHALTED_REF           |  FIXC2  | 1228078000 |
| FP_ARITH_INST_RETIRED_128B_PACKED_DOUBLE |   PMC0  |          0 |
|    FP_ARITH_INST_RETIRED_SCALAR_DOUBLE   |   PMC1  |  268435500 |
| FP_ARITH_INST_RETIRED_256B_PACKED_DOUBLE |   PMC2  |          0 |
+------------------------------------------+---------+------------+

+----------------------+-----------+
|        Metric        |   Core 1  |
+----------------------+-----------+
|  Runtime (RDTSC) [s] |    0.3629 |
| Runtime unhalted [s] |    0.4002 |
|      Clock [MHz]     | 3784.8095 |
|          CPI         |    0.2884 |
|      DP MFLOP/s      |  739.7823 |
|    AVX DP MFLOP/s    |         0 |
|    Packed MUOPS/s    |         0 |
|    Scalar MUOPS/s    |  739.7823 |
|  Vectorization ratio |         0 |
+----------------------+-----------+

Region teste_residuo_512, Group 1: FLOPS_DP
+-------------------+----------+
|    Region Info    |  Core 1  |
+-------------------+----------+
| RDTSC Runtime [s] | 8.336025 |
|     call count    |       11 |
+-------------------+----------+

+------------------------------------------+---------+-------------+
|                   Event                  | Counter |    Core 1   |
+------------------------------------------+---------+-------------+
|             INSTR_RETIRED_ANY            |  FIXC0  | 72875070000 |
|           CPU_CLK_UNHALTED_CORE          |  FIXC1  | 31057410000 |
|           CPU_CLK_UNHALTED_REF           |  FIXC2  | 28059730000 |
| FP_ARITH_INST_RETIRED_128B_PACKED_DOUBLE |   PMC0  |           0 |
|    FP_ARITH_INST_RETIRED_SCALAR_DOUBLE   |   PMC1  |  2955674000 |
| FP_ARITH_INST_RETIRED_256B_PACKED_DOUBLE |   PMC2  |           0 |
+------------------------------------------+---------+-------------+

+----------------------+-----------+
|        Metric        |   Core 1  |
+----------------------+-----------+
|  Runtime (RDTSC) [s] |    8.3360 |
| Runtime unhalted [s] |    9.1132 |
|      Clock [MHz]     | 3772.0365 |
|          CPI         |    0.4262 |
|      DP MFLOP/s      |  354.5664 |
|    AVX DP MFLOP/s    |         0 |
|    Packed MUOPS/s    |         0 |
|    Scalar MUOPS/s    |  354.5664 |
|  Vectorization ratio |         0 |
+----------------------+-----------+

