--------------------------------------------------------------------------------
CPU name:	Intel(R) Core(TM) i5-7500 CPU @ 3.40GHz
CPU type:	Intel Coffeelake processor
CPU clock:	3.41 GHz
--------------------------------------------------------------------------------
matriz 1

tam : 33
iteracoes: 10

iter 1: 8.12403840463597
iter 2: 8.12403840463597
iter 3: 2.87177553876034e-13
iter 4: 5.17003140239408e-14
iter 5: 5.01904792147694e-14
iter 6: 4.77991726620365e-14
iter 7: 5.16178761917171e-14
iter 8: 5.05105443921872e-14
iter 9: 5.11077057917207e-14
iter 10: 5.22050863837209e-14

LU_tempo: 0.0500210523605347
iter_tempo: 1043.22009599209
residuo_tempo: 4.68049192428589

--------------------------------------------------------------------------------
Region teste_fatoracaoLU_33, Group 1: FLOPS_DP
+-------------------+----------+
|    Region Info    |  Core 1  |
+-------------------+----------+
| RDTSC Runtime [s] | 0.000222 |
|     call count    |        1 |
+-------------------+----------+

+------------------------------------------+---------+---------+
|                   Event                  | Counter |  Core 1 |
+------------------------------------------+---------+---------+
|             INSTR_RETIRED_ANY            |  FIXC0  | 1393003 |
|           CPU_CLK_UNHALTED_CORE          |  FIXC1  |  446927 |
|           CPU_CLK_UNHALTED_REF           |  FIXC2  |  763392 |
| FP_ARITH_INST_RETIRED_128B_PACKED_DOUBLE |   PMC0  |       0 |
|    FP_ARITH_INST_RETIRED_SCALAR_DOUBLE   |   PMC1  |   71884 |
| FP_ARITH_INST_RETIRED_256B_PACKED_DOUBLE |   PMC2  |       0 |
+------------------------------------------+---------+---------+

+----------------------+-----------+
|        Metric        |   Core 1  |
+----------------------+-----------+
|  Runtime (RDTSC) [s] |    0.0002 |
| Runtime unhalted [s] |    0.0001 |
|      Clock [MHz]     | 1995.1903 |
|          CPI         |    0.3208 |
|      DP MFLOP/s      |  324.2805 |
|    AVX DP MFLOP/s    |         0 |
|    Packed MUOPS/s    |         0 |
|    Scalar MUOPS/s    |  324.2805 |
|  Vectorization ratio |         0 |
+----------------------+-----------+

Region teste_residuo_33, Group 1: FLOPS_DP
+-------------------+----------+
|    Region Info    |  Core 1  |
+-------------------+----------+
| RDTSC Runtime [s] | 0.002701 |
|     call count    |       11 |
+-------------------+----------+

+------------------------------------------+---------+----------+
|                   Event                  | Counter |  Core 1  |
+------------------------------------------+---------+----------+
|             INSTR_RETIRED_ANY            |  FIXC0  | 20219280 |
|           CPU_CLK_UNHALTED_CORE          |  FIXC1  |  5474534 |
|           CPU_CLK_UNHALTED_REF           |  FIXC2  |  9350700 |
| FP_ARITH_INST_RETIRED_128B_PACKED_DOUBLE |   PMC0  |        0 |
|    FP_ARITH_INST_RETIRED_SCALAR_DOUBLE   |   PMC1  |   802747 |
| FP_ARITH_INST_RETIRED_256B_PACKED_DOUBLE |   PMC2  |        0 |
+------------------------------------------+---------+----------+

+----------------------+-----------+
|        Metric        |   Core 1  |
+----------------------+-----------+
|  Runtime (RDTSC) [s] |    0.0027 |
| Runtime unhalted [s] |    0.0016 |
|      Clock [MHz]     | 1995.2548 |
|          CPI         |    0.2708 |
|      DP MFLOP/s      |  297.1746 |
|    AVX DP MFLOP/s    |         0 |
|    Packed MUOPS/s    |         0 |
|    Scalar MUOPS/s    |  297.1746 |
|  Vectorization ratio |         0 |
+----------------------+-----------+

