--------------------------------------------------------------------------------
CPU name:	Intel(R) Core(TM) i5-7500 CPU @ 3.40GHz
CPU type:	Intel Coffeelake processor
CPU clock:	3.41 GHz
--------------------------------------------------------------------------------
matriz 1

tam : 32
iteracoes: 10

iter 1: 7.87400787401181
iter 2: 7.87400787401181
iter 3: 3.08872535501095e-13
iter 4: 2.04960093761355e-14
iter 5: 2.03692541568534e-14
iter 6: 2.14727250059603e-14
iter 7: 2.13267423932272e-14
iter 8: 2.06383054137585e-14
iter 9: 1.92766857737455e-14
iter 10: 2.06044106584975e-14

LU_tempo: 0.0598649978637695
iter_tempo: 1059.25494003296
residuo_tempo: 8.66127133369446

--------------------------------------------------------------------------------
Region teste_fatoracaoLU_32, Group 1: FLOPS_DP
+-------------------+----------+
|    Region Info    |  Core 1  |
+-------------------+----------+
| RDTSC Runtime [s] | 0.000507 |
|     call count    |        1 |
+-------------------+----------+

+------------------------------------------+---------+---------+
|                   Event                  | Counter |  Core 1 |
+------------------------------------------+---------+---------+
|             INSTR_RETIRED_ANY            |  FIXC0  | 1274379 |
|           CPU_CLK_UNHALTED_CORE          |  FIXC1  |  408356 |
|           CPU_CLK_UNHALTED_REF           |  FIXC2  | 1743192 |
| FP_ARITH_INST_RETIRED_128B_PACKED_DOUBLE |   PMC0  |       0 |
|    FP_ARITH_INST_RETIRED_SCALAR_DOUBLE   |   PMC1  |   65546 |
| FP_ARITH_INST_RETIRED_256B_PACKED_DOUBLE |   PMC2  |       0 |
+------------------------------------------+---------+---------+

+----------------------+----------+
|        Metric        |  Core 1  |
+----------------------+----------+
|  Runtime (RDTSC) [s] |   0.0005 |
| Runtime unhalted [s] |   0.0001 |
|      Clock [MHz]     | 798.3377 |
|          CPI         |   0.3204 |
|      DP MFLOP/s      | 129.1884 |
|    AVX DP MFLOP/s    |        0 |
|    Packed MUOPS/s    |        0 |
|    Scalar MUOPS/s    | 129.1884 |
|  Vectorization ratio |        0 |
+----------------------+----------+

Region teste_residuo_32, Group 1: FLOPS_DP
+-------------------+----------+
|    Region Info    |  Core 1  |
+-------------------+----------+
| RDTSC Runtime [s] | 0.004883 |
|     call count    |       11 |
+-------------------+----------+

+------------------------------------------+---------+----------+
|                   Event                  | Counter |  Core 1  |
+------------------------------------------+---------+----------+
|             INSTR_RETIRED_ANY            |  FIXC0  | 18451410 |
|           CPU_CLK_UNHALTED_CORE          |  FIXC1  |  4943086 |
|           CPU_CLK_UNHALTED_REF           |  FIXC2  | 16596680 |
| FP_ARITH_INST_RETIRED_128B_PACKED_DOUBLE |   PMC0  |        0 |
|    FP_ARITH_INST_RETIRED_SCALAR_DOUBLE   |   PMC1  |   732314 |
| FP_ARITH_INST_RETIRED_256B_PACKED_DOUBLE |   PMC2  |        0 |
+------------------------------------------+---------+----------+

+----------------------+-----------+
|        Metric        |   Core 1  |
+----------------------+-----------+
|  Runtime (RDTSC) [s] |    0.0049 |
| Runtime unhalted [s] |    0.0015 |
|      Clock [MHz]     | 1015.0089 |
|          CPI         |    0.2679 |
|      DP MFLOP/s      |  149.9616 |
|    AVX DP MFLOP/s    |         0 |
|    Packed MUOPS/s    |         0 |
|    Scalar MUOPS/s    |  149.9616 |
|  Vectorization ratio |         0 |
+----------------------+-----------+

