--------------------------------------------------------------------------------
CPU name:	Intel(R) Core(TM) i5-7500 CPU @ 3.40GHz
CPU type:	Intel Coffeelake processor
CPU clock:	3.41 GHz
--------------------------------------------------------------------------------
matriz 1

tam : 256
iteracoes: 10

iter 1: 22.4499443206437
iter 2: 22.4499443206437
iter 3: 3.28906166556499e-12
iter 4: 4.87463244103061e-13
iter 5: 4.87468012801789e-13
iter 6: 4.89545196481904e-13
iter 7: 4.8602067807942e-13
iter 8: 4.85395199693998e-13
iter 9: 4.90451363658666e-13
iter 10: 4.92857856779395e-13

LU_tempo: 24.320662021637
iter_tempo: 1123.07326698303
residuo_tempo: 949.504028081894

--------------------------------------------------------------------------------
Region teste_fatoracaoLU_256, Group 1: L2CACHE
+-------------------+----------+
|    Region Info    |  Core 1  |
+-------------------+----------+
| RDTSC Runtime [s] | 0.068159 |
|     call count    |        1 |
+-------------------+----------+

+-----------------------+---------+-----------+
|         Event         | Counter |   Core 1  |
+-----------------------+---------+-----------+
|   INSTR_RETIRED_ANY   |  FIXC0  | 594925600 |
| CPU_CLK_UNHALTED_CORE |  FIXC1  | 176212900 |
|  CPU_CLK_UNHALTED_REF |  FIXC2  | 229402000 |
| L2_TRANS_ALL_REQUESTS |   PMC0  |  10934320 |
|     L2_RQSTS_MISS     |   PMC1  |   4117066 |
+-----------------------+---------+-----------+

+----------------------+-----------+
|        Metric        |   Core 1  |
+----------------------+-----------+
|  Runtime (RDTSC) [s] |    0.0682 |
| Runtime unhalted [s] |    0.0517 |
|      Clock [MHz]     | 2617.7646 |
|          CPI         |    0.2962 |
|    L2 request rate   |    0.0184 |
|     L2 miss rate     |    0.0069 |
|     L2 miss ratio    |    0.3765 |
+----------------------+-----------+

Region teste_residuo_256, Group 1: L2CACHE
+-------------------+----------+
|    Region Info    |  Core 1  |
+-------------------+----------+
| RDTSC Runtime [s] | 0.948544 |
|     call count    |       11 |
+-------------------+----------+

+-----------------------+---------+------------+
|         Event         | Counter |   Core 1   |
+-----------------------+---------+------------+
|   INSTR_RETIRED_ANY   |  FIXC0  | 9129835000 |
| CPU_CLK_UNHALTED_CORE |  FIXC1  | 3576185000 |
|  CPU_CLK_UNHALTED_REF |  FIXC2  | 3216089000 |
| L2_TRANS_ALL_REQUESTS |   PMC0  |  452526400 |
|     L2_RQSTS_MISS     |   PMC1  |  198418800 |
+-----------------------+---------+------------+

+----------------------+-----------+
|        Metric        |   Core 1  |
+----------------------+-----------+
|  Runtime (RDTSC) [s] |    0.9485 |
| Runtime unhalted [s] |    1.0494 |
|      Clock [MHz]     | 3789.5008 |
|          CPI         |    0.3917 |
|    L2 request rate   |    0.0496 |
|     L2 miss rate     |    0.0217 |
|     L2 miss ratio    |    0.4385 |
+----------------------+-----------+

