--------------------------------------------------------------------------------
CPU name:	Intel(R) Core(TM) i5-7500 CPU @ 3.40GHz
CPU type:	Intel Coffeelake processor
CPU clock:	3.41 GHz
--------------------------------------------------------------------------------
matriz 1

tam : 512
iteracoes: 10

iter 1: 32
iter 2: 32
iter 3: 8.18355103931603e-12
iter 4: 5.26269983458729e-13
iter 5: 5.23033186481397e-13
iter 6: 5.24900994389688e-13
iter 7: 5.23084143633995e-13
iter 8: 5.21306739012077e-13
iter 9: 5.24106992133209e-13
iter 10: 5.24643863637956e-13

LU_tempo: 159.06075501442
iter_tempo: 1437.45694100857
residuo_tempo: 8196.32866311073

--------------------------------------------------------------------------------
Region teste_fatoracaoLU_512, Group 1: L2CACHE
+-------------------+----------+
|    Region Info    |  Core 1  |
+-------------------+----------+
| RDTSC Runtime [s] | 0.385283 |
|     call count    |        1 |
+-------------------+----------+

+-----------------------+---------+------------+
|         Event         | Counter |   Core 1   |
+-----------------------+---------+------------+
|   INSTR_RETIRED_ANY   |  FIXC0  | 4728338000 |
| CPU_CLK_UNHALTED_CORE |  FIXC1  | 1368682000 |
|  CPU_CLK_UNHALTED_REF |  FIXC2  | 1297028000 |
| L2_TRANS_ALL_REQUESTS |   PMC0  |   73064780 |
|     L2_RQSTS_MISS     |   PMC1  |   28270130 |
+-----------------------+---------+------------+

+----------------------+-----------+
|        Metric        |   Core 1  |
+----------------------+-----------+
|  Runtime (RDTSC) [s] |    0.3853 |
| Runtime unhalted [s] |    0.4018 |
|      Clock [MHz]     | 3594.9952 |
|          CPI         |    0.2895 |
|    L2 request rate   |    0.0155 |
|     L2 miss rate     |    0.0060 |
|     L2 miss ratio    |    0.3869 |
+----------------------+-----------+

Region teste_residuo_512, Group 1: L2CACHE
+-------------------+----------+
|    Region Info    |  Core 1  |
+-------------------+----------+
| RDTSC Runtime [s] | 8.198533 |
|     call count    |       11 |
+-------------------+----------+

+-----------------------+---------+-------------+
|         Event         | Counter |    Core 1   |
+-----------------------+---------+-------------+
|   INSTR_RETIRED_ANY   |  FIXC0  | 72875070000 |
| CPU_CLK_UNHALTED_CORE |  FIXC1  | 30893480000 |
|  CPU_CLK_UNHALTED_REF |  FIXC2  | 27777060000 |
| L2_TRANS_ALL_REQUESTS |   PMC0  |  2925288000 |
|     L2_RQSTS_MISS     |   PMC1  |  1374382000 |
+-----------------------+---------+-------------+

+----------------------+-----------+
|        Metric        |   Core 1  |
+----------------------+-----------+
|  Runtime (RDTSC) [s] |    8.1985 |
| Runtime unhalted [s] |    9.0682 |
|      Clock [MHz]     | 3789.0092 |
|          CPI         |    0.4239 |
|    L2 request rate   |    0.0401 |
|     L2 miss rate     |    0.0189 |
|     L2 miss ratio    |    0.4698 |
+----------------------+-----------+

