--------------------------------------------------------------------------------
CPU name:	Intel(R) Core(TM) i5-7500 CPU @ 3.40GHz
CPU type:	Intel Coffeelake processor
CPU clock:	3.41 GHz
--------------------------------------------------------------------------------
matriz 1

tam : 33
iteracoes: 10

iter 1: 8.12403840463597
iter 2: 8.12403840463597
iter 3: 2.87177553876034e-13
iter 4: 5.17003140239408e-14
iter 5: 5.01904792147694e-14
iter 6: 4.77991726620365e-14
iter 7: 5.16178761917171e-14
iter 8: 5.05105443921872e-14
iter 9: 5.11077057917207e-14
iter 10: 5.22050863837209e-14

LU_tempo: 0.0656470060348511
iter_tempo: 1044.56975102425
residuo_tempo: 2.43508195877075

--------------------------------------------------------------------------------
Region teste_fatoracaoLU_33, Group 1: L2CACHE
+-------------------+----------+
|    Region Info    |  Core 1  |
+-------------------+----------+
| RDTSC Runtime [s] | 0.000144 |
|     call count    |        1 |
+-------------------+----------+

+-----------------------+---------+---------+
|         Event         | Counter |  Core 1 |
+-----------------------+---------+---------+
|   INSTR_RETIRED_ANY   |  FIXC0  | 1392913 |
| CPU_CLK_UNHALTED_CORE |  FIXC1  |  458963 |
|  CPU_CLK_UNHALTED_REF |  FIXC2  |  423444 |
| L2_TRANS_ALL_REQUESTS |   PMC0  |    7620 |
|     L2_RQSTS_MISS     |   PMC1  |    2071 |
+-----------------------+---------+---------+

+----------------------+-----------+
|        Metric        |   Core 1  |
+----------------------+-----------+
|  Runtime (RDTSC) [s] |    0.0001 |
| Runtime unhalted [s] |    0.0001 |
|      Clock [MHz]     | 3693.8262 |
|          CPI         |    0.3295 |
|    L2 request rate   |    0.0055 |
|     L2 miss rate     |    0.0015 |
|     L2 miss ratio    |    0.2718 |
+----------------------+-----------+

Region teste_residuo_33, Group 1: L2CACHE
+-------------------+----------+
|    Region Info    |  Core 1  |
+-------------------+----------+
| RDTSC Runtime [s] | 0.001478 |
|     call count    |       11 |
+-------------------+----------+

+-----------------------+---------+----------+
|         Event         | Counter |  Core 1  |
+-----------------------+---------+----------+
|   INSTR_RETIRED_ANY   |  FIXC0  | 20218310 |
| CPU_CLK_UNHALTED_CORE |  FIXC1  |  5490218 |
|  CPU_CLK_UNHALTED_REF |  FIXC2  |  4940464 |
| L2_TRANS_ALL_REQUESTS |   PMC0  |    49464 |
|     L2_RQSTS_MISS     |   PMC1  |    13382 |
+-----------------------+---------+----------+

+----------------------+-----------+
|        Metric        |   Core 1  |
+----------------------+-----------+
|  Runtime (RDTSC) [s] |    0.0015 |
| Runtime unhalted [s] |    0.0016 |
|      Clock [MHz]     | 3787.1858 |
|          CPI         |    0.2715 |
|    L2 request rate   |    0.0024 |
|     L2 miss rate     |    0.0007 |
|     L2 miss ratio    |    0.2705 |
+----------------------+-----------+

