--------------------------------------------------------------------------------
CPU name:	Intel(R) Core(TM) i5-7500 CPU @ 3.40GHz
CPU type:	Intel Coffeelake processor
CPU clock:	3.41 GHz
--------------------------------------------------------------------------------
matriz 1

tam : 128
iteracoes: 10

iter 1: 15.9373774505092
iter 2: 15.9373774505092
iter 3: 1.03146816149915e-12
iter 4: 2.07393742378964e-13
iter 5: 2.04841499641866e-13
iter 6: 2.10061945887957e-13
iter 7: 2.14678933300028e-13
iter 8: 2.06237133720541e-13
iter 9: 2.04966162324675e-13
iter 10: 2.09596048496126e-13

LU_tempo: 3.99103200435638
iter_tempo: 1051.36480998993
residuo_tempo: 89.3431439399719

--------------------------------------------------------------------------------
Region teste_fatoracaoLU_128, Group 1: L2CACHE
+-------------------+----------+
|    Region Info    |  Core 1  |
+-------------------+----------+
| RDTSC Runtime [s] | 0.008704 |
|     call count    |        1 |
+-------------------+----------+

+-----------------------+---------+----------+
|         Event         | Counter |  Core 1  |
+-----------------------+---------+----------+
|   INSTR_RETIRED_ANY   |  FIXC0  | 75339870 |
| CPU_CLK_UNHALTED_CORE |  FIXC1  | 22467170 |
|  CPU_CLK_UNHALTED_REF |  FIXC2  | 29517820 |
| L2_TRANS_ALL_REQUESTS |   PMC0  |  1124471 |
|     L2_RQSTS_MISS     |   PMC1  |   249749 |
+-----------------------+---------+----------+

+----------------------+-----------+
|        Metric        |   Core 1  |
+----------------------+-----------+
|  Runtime (RDTSC) [s] |    0.0087 |
| Runtime unhalted [s] |    0.0066 |
|      Clock [MHz]     | 2593.9219 |
|          CPI         |    0.2982 |
|    L2 request rate   |    0.0149 |
|     L2 miss rate     |    0.0033 |
|     L2 miss ratio    |    0.2221 |
+----------------------+-----------+

Region teste_residuo_128, Group 1: L2CACHE
+-------------------+----------+
|    Region Info    |  Core 1  |
+-------------------+----------+
| RDTSC Runtime [s] | 0.088322 |
|     call count    |       11 |
+-------------------+----------+

+-----------------------+---------+------------+
|         Event         | Counter |   Core 1   |
+-----------------------+---------+------------+
|   INSTR_RETIRED_ANY   |  FIXC0  | 1146404000 |
| CPU_CLK_UNHALTED_CORE |  FIXC1  |  311532100 |
|  CPU_CLK_UNHALTED_REF |  FIXC2  |  299215600 |
| L2_TRANS_ALL_REQUESTS |   PMC0  |   11769620 |
|     L2_RQSTS_MISS     |   PMC1  |    1400711 |
+-----------------------+---------+------------+

+----------------------+-----------+
|        Metric        |   Core 1  |
+----------------------+-----------+
|  Runtime (RDTSC) [s] |    0.0883 |
| Runtime unhalted [s] |    0.0914 |
|      Clock [MHz]     | 3548.2268 |
|          CPI         |    0.2717 |
|    L2 request rate   |    0.0103 |
|     L2 miss rate     |    0.0012 |
|     L2 miss ratio    |    0.1190 |
+----------------------+-----------+

