--------------------------------------------------------------------------------
CPU name:	Intel(R) Core(TM) i5-7500 CPU @ 3.40GHz
CPU type:	Intel Coffeelake processor
CPU clock:	3.41 GHz
--------------------------------------------------------------------------------
matriz 1

tam : 32
iteracoes: 10

iter 1: 7.87400787401181
iter 2: 7.87400787401181
iter 3: 3.08872535501095e-13
iter 4: 2.04960093761355e-14
iter 5: 2.03692541568534e-14
iter 6: 2.14727250059603e-14
iter 7: 2.13267423932272e-14
iter 8: 2.06383054137585e-14
iter 9: 1.92766857737455e-14
iter 10: 2.06044106584975e-14

LU_tempo: 0.071584939956665
iter_tempo: 1039.60678100586
residuo_tempo: 2.3229798078537

--------------------------------------------------------------------------------
Region teste_fatoracaoLU_32, Group 1: L2CACHE
+-------------------+----------+
|    Region Info    |  Core 1  |
+-------------------+----------+
| RDTSC Runtime [s] | 0.000112 |
|     call count    |        1 |
+-------------------+----------+

+-----------------------+---------+---------+
|         Event         | Counter |  Core 1 |
+-----------------------+---------+---------+
|   INSTR_RETIRED_ANY   |  FIXC0  | 1274297 |
| CPU_CLK_UNHALTED_CORE |  FIXC1  |  419541 |
|  CPU_CLK_UNHALTED_REF |  FIXC2  |  387376 |
| L2_TRANS_ALL_REQUESTS |   PMC0  |    4302 |
|     L2_RQSTS_MISS     |   PMC1  |    1201 |
+-----------------------+---------+---------+

+----------------------+-----------+
|        Metric        |   Core 1  |
+----------------------+-----------+
|  Runtime (RDTSC) [s] |    0.0001 |
| Runtime unhalted [s] |    0.0001 |
|      Clock [MHz]     | 3690.9286 |
|          CPI         |    0.3292 |
|    L2 request rate   |    0.0034 |
|     L2 miss rate     |    0.0009 |
|     L2 miss ratio    |    0.2792 |
+----------------------+-----------+

Region teste_residuo_32, Group 1: L2CACHE
+-------------------+----------+
|    Region Info    |  Core 1  |
+-------------------+----------+
| RDTSC Runtime [s] | 0.001317 |
|     call count    |       11 |
+-------------------+----------+

+-----------------------+---------+----------+
|         Event         | Counter |  Core 1  |
+-----------------------+---------+----------+
|   INSTR_RETIRED_ANY   |  FIXC0  | 18450400 |
| CPU_CLK_UNHALTED_CORE |  FIXC1  |  4952389 |
|  CPU_CLK_UNHALTED_REF |  FIXC2  |  4572258 |
| L2_TRANS_ALL_REQUESTS |   PMC0  |    45736 |
|     L2_RQSTS_MISS     |   PMC1  |    12170 |
+-----------------------+---------+----------+

+----------------------+-----------+
|        Metric        |   Core 1  |
+----------------------+-----------+
|  Runtime (RDTSC) [s] |    0.0013 |
| Runtime unhalted [s] |    0.0015 |
|      Clock [MHz]     | 3691.2883 |
|          CPI         |    0.2684 |
|    L2 request rate   |    0.0025 |
|     L2 miss rate     |    0.0007 |
|     L2 miss ratio    |    0.2661 |
+----------------------+-----------+

