--------------------------------------------------------------------------------
CPU name:	Intel(R) Core(TM) i5-7500 CPU @ 3.40GHz
CPU type:	Intel Coffeelake processor
CPU clock:	3.41 GHz
--------------------------------------------------------------------------------
matriz 1

tam : 64
iteracoes: 10

iter 1: 11.3137084989848
iter 2: 11.3137084989848
iter 3: 1.99559134064116e-12
iter 4: 5.94657204053199e-13
iter 5: 6.13223157278124e-13
iter 6: 5.89258231261579e-13
iter 7: 5.945082311191e-13
iter 8: 6.10796374364997e-13
iter 9: 6.03802733857367e-13
iter 10: 6.1897336951794e-13

LU_tempo: 0.438292980194092
iter_tempo: 1059.13114595413
residuo_tempo: 21.5966629981995

--------------------------------------------------------------------------------
Region teste_fatoracaoLU_64, Group 1: L2CACHE
+-------------------+----------+
|    Region Info    |  Core 1  |
+-------------------+----------+
| RDTSC Runtime [s] | 0.003687 |
|     call count    |        1 |
+-------------------+----------+

+-----------------------+---------+----------+
|         Event         | Counter |  Core 1  |
+-----------------------+---------+----------+
|   INSTR_RETIRED_ANY   |  FIXC0  |  9665976 |
| CPU_CLK_UNHALTED_CORE |  FIXC1  |  2916947 |
|  CPU_CLK_UNHALTED_REF |  FIXC2  | 12454680 |
| L2_TRANS_ALL_REQUESTS |   PMC0  |   119717 |
|     L2_RQSTS_MISS     |   PMC1  |     3803 |
+-----------------------+---------+----------+

+----------------------+----------+
|        Metric        |  Core 1  |
+----------------------+----------+
|  Runtime (RDTSC) [s] |   0.0037 |
| Runtime unhalted [s] |   0.0009 |
|      Clock [MHz]     | 798.1577 |
|          CPI         |   0.3018 |
|    L2 request rate   |   0.0124 |
|     L2 miss rate     |   0.0004 |
|     L2 miss ratio    |   0.0318 |
+----------------------+----------+

Region teste_residuo_64, Group 1: L2CACHE
+-------------------+----------+
|    Region Info    |  Core 1  |
+-------------------+----------+
| RDTSC Runtime [s] | 0.019735 |
|     call count    |       11 |
+-------------------+----------+

+-----------------------+---------+-----------+
|         Event         | Counter |   Core 1  |
+-----------------------+---------+-----------+
|   INSTR_RETIRED_ANY   |  FIXC0  | 144638700 |
| CPU_CLK_UNHALTED_CORE |  FIXC1  |  38446100 |
|  CPU_CLK_UNHALTED_REF |  FIXC2  |  66977140 |
| L2_TRANS_ALL_REQUESTS |   PMC0  |    725195 |
|     L2_RQSTS_MISS     |   PMC1  |     33126 |
+-----------------------+---------+-----------+

+----------------------+-----------+
|        Metric        |   Core 1  |
+----------------------+-----------+
|  Runtime (RDTSC) [s] |    0.0197 |
| Runtime unhalted [s] |    0.0113 |
|      Clock [MHz]     | 1956.2233 |
|          CPI         |    0.2658 |
|    L2 request rate   |    0.0050 |
|     L2 miss rate     |    0.0002 |
|     L2 miss ratio    |    0.0457 |
+----------------------+-----------+

