--------------------------------------------------------------------------------
CPU name:	Intel(R) Core(TM) i5-7500 CPU @ 3.40GHz
CPU type:	Intel Coffeelake processor
CPU clock:	3.41 GHz
--------------------------------------------------------------------------------
matriz 1

tam : 65
iteracoes: 10

iter 1: 11.4017542509914
iter 2: 11.4017542509914
iter 3: 1.132770905956e-13
iter 4: 3.82293322927655e-14
iter 5: 3.74235966130903e-14
iter 6: 3.80695585500805e-14
iter 7: 3.8266967044219e-14
iter 8: 3.80156353249809e-14
iter 9: 3.80555048254138e-14
iter 10: 3.82509020860603e-14

LU_tempo: 0.458390951156616
iter_tempo: 1048.32317602634
residuo_tempo: 11.6356021165848

--------------------------------------------------------------------------------
Region teste_fatoracaoLU_65, Group 1: L2CACHE
+-------------------+----------+
|    Region Info    |  Core 1  |
+-------------------+----------+
| RDTSC Runtime [s] | 0.000858 |
|     call count    |        1 |
+-------------------+----------+

+-----------------------+---------+----------+
|         Event         | Counter |  Core 1  |
+-----------------------+---------+----------+
|   INSTR_RETIRED_ANY   |  FIXC0  | 10118020 |
| CPU_CLK_UNHALTED_CORE |  FIXC1  |  3077420 |
|  CPU_CLK_UNHALTED_REF |  FIXC2  |  2770704 |
| L2_TRANS_ALL_REQUESTS |   PMC0  |   112876 |
|     L2_RQSTS_MISS     |   PMC1  |     3586 |
+-----------------------+---------+----------+

+----------------------+-----------+
|        Metric        |   Core 1  |
+----------------------+-----------+
|  Runtime (RDTSC) [s] |    0.0009 |
| Runtime unhalted [s] |    0.0009 |
|      Clock [MHz]     | 3785.2295 |
|          CPI         |    0.3042 |
|    L2 request rate   |    0.0112 |
|     L2 miss rate     |    0.0004 |
|     L2 miss ratio    |    0.0318 |
+----------------------+-----------+

Region teste_residuo_65, Group 1: L2CACHE
+-------------------+----------+
|    Region Info    |  Core 1  |
+-------------------+----------+
| RDTSC Runtime [s] | 0.010691 |
|     call count    |       11 |
+-------------------+----------+

+-----------------------+---------+-----------+
|         Event         | Counter |   Core 1  |
+-----------------------+---------+-----------+
|   INSTR_RETIRED_ANY   |  FIXC0  | 151517700 |
| CPU_CLK_UNHALTED_CORE |  FIXC1  |  40602220 |
|  CPU_CLK_UNHALTED_REF |  FIXC2  |  36499250 |
| L2_TRANS_ALL_REQUESTS |   PMC0  |    622939 |
|     L2_RQSTS_MISS     |   PMC1  |     34007 |
+-----------------------+---------+-----------+

+----------------------+-----------+
|        Metric        |   Core 1  |
+----------------------+-----------+
|  Runtime (RDTSC) [s] |    0.0107 |
| Runtime unhalted [s] |    0.0119 |
|      Clock [MHz]     | 3791.0666 |
|          CPI         |    0.2680 |
|    L2 request rate   |    0.0041 |
|     L2 miss rate     |    0.0002 |
|     L2 miss ratio    |    0.0546 |
+----------------------+-----------+

