--------------------------------------------------------------------------------
CPU name:	Intel(R) Core(TM) i5-7500 CPU @ 3.40GHz
CPU type:	Intel Coffeelake processor
CPU clock:	3.41 GHz
--------------------------------------------------------------------------------
matriz 1

tam : 1000
iteracoes: 10

iter 1: 44.698993277254
iter 2: 44.698993277254
iter 3: 1.28493268872978e-10
iter 4: 1.10644206428314e-11
iter 5: 1.10756919431565e-11
iter 6: 1.10566677466384e-11
iter 7: 1.10516443820759e-11
iter 8: 1.10363246855038e-11
iter 9: 1.10581831550599e-11
iter 10: 1.10496367664549e-11

LU_tempo: 1147.544500947
iter_tempo: 3774.10336899757
residuo_tempo: 48871.3423148394

--------------------------------------------------------------------------------
Region teste_fatoracaoLU_1000, Group 1: L2CACHE
+-------------------+----------+
|    Region Info    |  Core 1  |
+-------------------+----------+
| RDTSC Runtime [s] | 2.721760 |
|     call count    |        1 |
+-------------------+----------+

+-----------------------+---------+-------------+
|         Event         | Counter |    Core 1   |
+-----------------------+---------+-------------+
|   INSTR_RETIRED_ANY   |  FIXC0  | 35117090000 |
| CPU_CLK_UNHALTED_CORE |  FIXC1  | 10162430000 |
|  CPU_CLK_UNHALTED_REF |  FIXC2  |  9211265000 |
| L2_TRANS_ALL_REQUESTS |   PMC0  |   581030200 |
|     L2_RQSTS_MISS     |   PMC1  |   191885500 |
+-----------------------+---------+-------------+

+----------------------+-----------+
|        Metric        |   Core 1  |
+----------------------+-----------+
|  Runtime (RDTSC) [s] |    2.7218 |
| Runtime unhalted [s] |    2.9820 |
|      Clock [MHz]     | 3759.8794 |
|          CPI         |    0.2894 |
|    L2 request rate   |    0.0165 |
|     L2 miss rate     |    0.0055 |
|     L2 miss ratio    |    0.3303 |
+----------------------+-----------+

Region teste_residuo_1000, Group 1: L2CACHE
+-------------------+-----------+
|    Region Info    |   Core 1  |
+-------------------+-----------+
| RDTSC Runtime [s] | 48.869970 |
|     call count    |        11 |
+-------------------+-----------+

+-----------------------+---------+--------------+
|         Event         | Counter |    Core 1    |
+-----------------------+---------+--------------+
|   INSTR_RETIRED_ANY   |  FIXC0  | 542369500000 |
| CPU_CLK_UNHALTED_CORE |  FIXC1  | 183876500000 |
|  CPU_CLK_UNHALTED_REF |  FIXC2  | 165476700000 |
| L2_TRANS_ALL_REQUESTS |   PMC0  |  12790940000 |
|     L2_RQSTS_MISS     |   PMC1  |   3795308000 |
+-----------------------+---------+--------------+

+----------------------+-----------+
|        Metric        |   Core 1  |
+----------------------+-----------+
|  Runtime (RDTSC) [s] |   48.8700 |
| Runtime unhalted [s] |   53.9549 |
|      Clock [MHz]     | 3786.9102 |
|          CPI         |    0.3390 |
|    L2 request rate   |    0.0236 |
|     L2 miss rate     |    0.0070 |
|     L2 miss ratio    |    0.2967 |
+----------------------+-----------+

