--------------------------------------------------------------------------------
CPU name:	Intel(R) Core(TM) i5-7500 CPU @ 3.40GHz
CPU type:	Intel Coffeelake processor
CPU clock:	3.41 GHz
--------------------------------------------------------------------------------
matriz 1

tam : 257
iteracoes: 10

iter 1: 22.6715680975093
iter 2: 22.6715680975093
iter 3: 1.83175334896599e-12
iter 4: 3.09965978913707e-13
iter 5: 3.06790616803033e-13
iter 6: 3.06873203123891e-13
iter 7: 3.08094938035495e-13
iter 8: 3.07029626495979e-13
iter 9: 3.08660637147732e-13
iter 10: 3.09024179863299e-13

LU_tempo: 23.2015759944916
iter_tempo: 1121.99085497856
residuo_tempo: 721.641844749451

--------------------------------------------------------------------------------
Region teste_fatoracaoLU_257, Group 1: L2CACHE
+-------------------+----------+
|    Region Info    |  Core 1  |
+-------------------+----------+
| RDTSC Runtime [s] | 0.067010 |
|     call count    |        1 |
+-------------------+----------+

+-----------------------+---------+-----------+
|         Event         | Counter |   Core 1  |
+-----------------------+---------+-----------+
|   INSTR_RETIRED_ANY   |  FIXC0  | 601864200 |
| CPU_CLK_UNHALTED_CORE |  FIXC1  | 177051300 |
|  CPU_CLK_UNHALTED_REF |  FIXC2  | 225231000 |
| L2_TRANS_ALL_REQUESTS |   PMC0  |  11258780 |
|     L2_RQSTS_MISS     |   PMC1  |   4198135 |
+-----------------------+---------+-----------+

+----------------------+-----------+
|        Metric        |   Core 1  |
+----------------------+-----------+
|  Runtime (RDTSC) [s] |    0.0670 |
| Runtime unhalted [s] |    0.0520 |
|      Clock [MHz]     | 2678.9260 |
|          CPI         |    0.2942 |
|    L2 request rate   |    0.0187 |
|     L2 miss rate     |    0.0070 |
|     L2 miss ratio    |    0.3729 |
+----------------------+-----------+

Region teste_residuo_257, Group 1: L2CACHE
+-------------------+----------+
|    Region Info    |  Core 1  |
+-------------------+----------+
| RDTSC Runtime [s] | 0.720687 |
|     call count    |       11 |
+-------------------+----------+

+-----------------------+---------+------------+
|         Event         | Counter |   Core 1   |
+-----------------------+---------+------------+
|   INSTR_RETIRED_ANY   |  FIXC0  | 9237635000 |
| CPU_CLK_UNHALTED_CORE |  FIXC1  | 2712875000 |
|  CPU_CLK_UNHALTED_REF |  FIXC2  | 2439835000 |
| L2_TRANS_ALL_REQUESTS |   PMC0  |  139072300 |
|     L2_RQSTS_MISS     |   PMC1  |   27363220 |
+-----------------------+---------+------------+

+----------------------+-----------+
|        Metric        |   Core 1  |
+----------------------+-----------+
|  Runtime (RDTSC) [s] |    0.7207 |
| Runtime unhalted [s] |    0.7960 |
|      Clock [MHz]     | 3789.3008 |
|          CPI         |    0.2937 |
|    L2 request rate   |    0.0151 |
|     L2 miss rate     |    0.0030 |
|     L2 miss ratio    |    0.1968 |
+----------------------+-----------+

