--------------------------------------------------------------------------------
CPU name:	Intel(R) Core(TM) i5-7500 CPU @ 3.40GHz
CPU type:	Intel Coffeelake processor
CPU clock:	3.41 GHz
--------------------------------------------------------------------------------
matriz 1

tam : 129
iteracoes: 10

iter 1: 16
iter 2: 16
iter 3: 4.14872807949672e-13
iter 4: 1.05077776197137e-13
iter 5: 1.04005970324237e-13
iter 6: 1.02595764554899e-13
iter 7: 1.03580850018435e-13
iter 8: 1.05039874911105e-13
iter 9: 1.02678694173791e-13
iter 10: 1.03650434701921e-13

LU_tempo: 2.56474506855011
iter_tempo: 1055.82092905045
residuo_tempo: 84.378026008606

--------------------------------------------------------------------------------
Region teste_fatoracaoLU_129, Group 1: L2CACHE
+-------------------+----------+
|    Region Info    |  Core 1  |
+-------------------+----------+
| RDTSC Runtime [s] | 0.006099 |
|     call count    |        1 |
+-------------------+----------+

+-----------------------+---------+----------+
|         Event         | Counter |  Core 1  |
+-----------------------+---------+----------+
|   INSTR_RETIRED_ANY   |  FIXC0  | 77103870 |
| CPU_CLK_UNHALTED_CORE |  FIXC1  | 22822300 |
|  CPU_CLK_UNHALTED_REF |  FIXC2  | 20519000 |
| L2_TRANS_ALL_REQUESTS |   PMC0  |  1080073 |
|     L2_RQSTS_MISS     |   PMC1  |   241560 |
+-----------------------+---------+----------+

+----------------------+-----------+
|        Metric        |   Core 1  |
+----------------------+-----------+
|  Runtime (RDTSC) [s] |    0.0061 |
| Runtime unhalted [s] |    0.0067 |
|      Clock [MHz]     | 3790.4575 |
|          CPI         |    0.2960 |
|    L2 request rate   |    0.0140 |
|     L2 miss rate     |    0.0031 |
|     L2 miss ratio    |    0.2237 |
+----------------------+-----------+

Region teste_residuo_129, Group 1: L2CACHE
+-------------------+----------+
|    Region Info    |  Core 1  |
+-------------------+----------+
| RDTSC Runtime [s] | 0.083448 |
|     call count    |       11 |
+-------------------+----------+

+-----------------------+---------+------------+
|         Event         | Counter |   Core 1   |
+-----------------------+---------+------------+
|   INSTR_RETIRED_ANY   |  FIXC0  | 1173542000 |
| CPU_CLK_UNHALTED_CORE |  FIXC1  |  313668000 |
|  CPU_CLK_UNHALTED_REF |  FIXC2  |  282004500 |
| L2_TRANS_ALL_REQUESTS |   PMC0  |    6552732 |
|     L2_RQSTS_MISS     |   PMC1  |     870341 |
+-----------------------+---------+------------+

+----------------------+-----------+
|        Metric        |   Core 1  |
+----------------------+-----------+
|  Runtime (RDTSC) [s] |    0.0834 |
| Runtime unhalted [s] |    0.0920 |
|      Clock [MHz]     | 3790.5532 |
|          CPI         |    0.2673 |
|    L2 request rate   |    0.0056 |
|     L2 miss rate     |    0.0007 |
|     L2 miss ratio    |    0.1328 |
+----------------------+-----------+

