--------------------------------------------------------------------------------
CPU name:	Intel(R) Core(TM) i5-7500 CPU @ 3.40GHz
CPU type:	Intel Coffeelake processor
CPU clock:	3.41 GHz
--------------------------------------------------------------------------------
matriz 1

tam : 2000
iteracoes: 10

iter 1: 63.166446789415
iter 2: 63.166446789415
iter 3: 2.61268159791864e-10
iter 4: 9.72440642694121e-12
iter 5: 9.71569317565137e-12
iter 6: 9.71837040360446e-12
iter 7: 9.71877914055708e-12
iter 8: 9.71672420865675e-12
iter 9: 9.71446887003567e-12
iter 10: 9.71297941688064e-12

LU_tempo: 9196.93050599098
iter_tempo: 22370.3280909061
residuo_tempo: 447917.922420144

--------------------------------------------------------------------------------
Region teste_fatoracaoLU_2000, Group 1: L2CACHE
+-------------------+-----------+
|    Region Info    |   Core 1  |
+-------------------+-----------+
| RDTSC Runtime [s] | 21.327570 |
|     call count    |         1 |
+-------------------+-----------+

+-----------------------+---------+--------------+
|         Event         | Counter |    Core 1    |
+-----------------------+---------+--------------+
|   INSTR_RETIRED_ANY   |  FIXC0  | 280468200000 |
| CPU_CLK_UNHALTED_CORE |  FIXC1  |  80358520000 |
|  CPU_CLK_UNHALTED_REF |  FIXC2  |  72390970000 |
| L2_TRANS_ALL_REQUESTS |   PMC0  |   4741990000 |
|     L2_RQSTS_MISS     |   PMC1  |   1441918000 |
+-----------------------+---------+--------------+

+----------------------+-----------+
|        Metric        |   Core 1  |
+----------------------+-----------+
|  Runtime (RDTSC) [s] |   21.3276 |
| Runtime unhalted [s] |   23.5799 |
|      Clock [MHz]     | 3783.0029 |
|          CPI         |    0.2865 |
|    L2 request rate   |    0.0169 |
|     L2 miss rate     |    0.0051 |
|     L2 miss ratio    |    0.3041 |
+----------------------+-----------+

Region teste_residuo_2000, Group 1: L2CACHE
+-------------------+------------+
|    Region Info    |   Core 1   |
+-------------------+------------+
| RDTSC Runtime [s] | 447.914000 |
|     call count    |         11 |
+-------------------+------------+

+-----------------------+---------+---------------+
|         Event         | Counter |     Core 1    |
+-----------------------+---------+---------------+
|   INSTR_RETIRED_ANY   |  FIXC0  | 4336482000000 |
| CPU_CLK_UNHALTED_CORE |  FIXC1  | 1675939000000 |
|  CPU_CLK_UNHALTED_REF |  FIXC2  | 1511211000000 |
| L2_TRANS_ALL_REQUESTS |   PMC0  |  219520300000 |
|     L2_RQSTS_MISS     |   PMC1  |   89992960000 |
+-----------------------+---------+---------------+

+----------------------+-----------+
|        Metric        |   Core 1  |
+----------------------+-----------+
|  Runtime (RDTSC) [s] |  447.9140 |
| Runtime unhalted [s] |  491.7780 |
|      Clock [MHz]     | 3779.3946 |
|          CPI         |    0.3865 |
|    L2 request rate   |    0.0506 |
|     L2 miss rate     |    0.0208 |
|     L2 miss ratio    |    0.4100 |
+----------------------+-----------+

