--------------------------------------------------------------------------------
CPU name:	Intel(R) Core(TM) i5-7500 CPU @ 3.40GHz
CPU type:	Intel Coffeelake processor
CPU clock:	3.41 GHz
--------------------------------------------------------------------------------
matriz 1

tam : 129
iteracoes: 10

iter 1: 16
iter 2: 16
iter 3: 4.14872807949672e-13
iter 4: 1.05077776197137e-13
iter 5: 1.04005970324237e-13
iter 6: 1.02595764554899e-13
iter 7: 1.03580850018435e-13
iter 8: 1.05039874911105e-13
iter 9: 1.02678694173791e-13
iter 10: 1.03650434701921e-13

LU_tempo: 3.49235105514526
iter_tempo: 1053.44295406342
residuo_tempo: 83.8211939334869

--------------------------------------------------------------------------------
Region teste_fatoracaoLU_129, Group 1: L3
+-------------------+----------+
|    Region Info    |  Core 1  |
+-------------------+----------+
| RDTSC Runtime [s] | 0.006240 |
|     call count    |        1 |
+-------------------+----------+

+-----------------------+---------+----------+
|         Event         | Counter |  Core 1  |
+-----------------------+---------+----------+
|   INSTR_RETIRED_ANY   |  FIXC0  | 77103880 |
| CPU_CLK_UNHALTED_CORE |  FIXC1  | 22933690 |
|  CPU_CLK_UNHALTED_REF |  FIXC2  | 21173480 |
|    L2_LINES_IN_ALL    |   PMC0  |   274577 |
|     L2_TRANS_L2_WB    |   PMC1  |    16090 |
+-----------------------+---------+----------+

+-------------------------------+-----------+
|             Metric            |   Core 1  |
+-------------------------------+-----------+
|      Runtime (RDTSC) [s]      |    0.0062 |
|      Runtime unhalted [s]     |    0.0067 |
|          Clock [MHz]          | 3691.2455 |
|              CPI              |    0.2974 |
|  L3 load bandwidth [MBytes/s] | 2816.2366 |
|  L3 load data volume [GBytes] |    0.0176 |
| L3 evict bandwidth [MBytes/s] |  165.0293 |
| L3 evict data volume [GBytes] |    0.0010 |
|    L3 bandwidth [MBytes/s]    | 2981.2659 |
|    L3 data volume [GBytes]    |    0.0186 |
+-------------------------------+-----------+

Region teste_residuo_129, Group 1: L3
+-------------------+----------+
|    Region Info    |  Core 1  |
+-------------------+----------+
| RDTSC Runtime [s] | 0.082929 |
|     call count    |       11 |
+-------------------+----------+

+-----------------------+---------+------------+
|         Event         | Counter |   Core 1   |
+-----------------------+---------+------------+
|   INSTR_RETIRED_ANY   |  FIXC0  | 1173542000 |
| CPU_CLK_UNHALTED_CORE |  FIXC1  |  311477400 |
|  CPU_CLK_UNHALTED_REF |  FIXC2  |  281141700 |
|    L2_LINES_IN_ALL    |   PMC0  |     212944 |
|     L2_TRANS_L2_WB    |   PMC1  |      36517 |
+-----------------------+---------+------------+

+-------------------------------+-----------+
|             Metric            |   Core 1  |
+-------------------------------+-----------+
|      Runtime (RDTSC) [s]      |    0.0829 |
|      Runtime unhalted [s]     |    0.0914 |
|          Clock [MHz]          | 3775.6568 |
|              CPI              |    0.2654 |
|  L3 load bandwidth [MBytes/s] |  164.3381 |
|  L3 load data volume [GBytes] |    0.0136 |
| L3 evict bandwidth [MBytes/s] |   28.1817 |
| L3 evict data volume [GBytes] |    0.0023 |
|    L3 bandwidth [MBytes/s]    |  192.5198 |
|    L3 data volume [GBytes]    |    0.0160 |
+-------------------------------+-----------+

