--------------------------------------------------------------------------------
CPU name:	Intel(R) Core(TM) i5-7500 CPU @ 3.40GHz
CPU type:	Intel Coffeelake processor
CPU clock:	3.41 GHz
--------------------------------------------------------------------------------
matriz 1

tam : 2000
iteracoes: 10

iter 1: 63.166446789415
iter 2: 63.166446789415
iter 3: 2.61268159791864e-10
iter 4: 9.72440642694121e-12
iter 5: 9.71569317565137e-12
iter 6: 9.71837040360446e-12
iter 7: 9.71877914055708e-12
iter 8: 9.71672420865675e-12
iter 9: 9.71446887003567e-12
iter 10: 9.71297941688064e-12

LU_tempo: 9202.11044299603
iter_tempo: 22395.8615369797
residuo_tempo: 447879.3169837

--------------------------------------------------------------------------------
Region teste_fatoracaoLU_2000, Group 1: L3
+-------------------+-----------+
|    Region Info    |   Core 1  |
+-------------------+-----------+
| RDTSC Runtime [s] | 21.343270 |
|     call count    |         1 |
+-------------------+-----------+

+-----------------------+---------+--------------+
|         Event         | Counter |    Core 1    |
+-----------------------+---------+--------------+
|   INSTR_RETIRED_ANY   |  FIXC0  | 280468200000 |
| CPU_CLK_UNHALTED_CORE |  FIXC1  |  80370610000 |
|  CPU_CLK_UNHALTED_REF |  FIXC2  |  72341360000 |
|    L2_LINES_IN_ALL    |   PMC0  |   1150564000 |
|     L2_TRANS_L2_WB    |   PMC1  |   1021931000 |
+-----------------------+---------+--------------+

+-------------------------------+-----------+
|             Metric            |   Core 1  |
+-------------------------------+-----------+
|      Runtime (RDTSC) [s]      |   21.3433 |
|      Runtime unhalted [s]     |   23.5832 |
|          Clock [MHz]          | 3786.2162 |
|              CPI              |    0.2866 |
|  L3 load bandwidth [MBytes/s] | 3450.0850 |
|  L3 load data volume [GBytes] |   73.6361 |
| L3 evict bandwidth [MBytes/s] | 3064.3657 |
| L3 evict data volume [GBytes] |   65.4036 |
|    L3 bandwidth [MBytes/s]    | 6514.4507 |
|    L3 data volume [GBytes]    |  139.0397 |
+-------------------------------+-----------+

Region teste_residuo_2000, Group 1: L3
+-------------------+------------+
|    Region Info    |   Core 1   |
+-------------------+------------+
| RDTSC Runtime [s] | 447.878300 |
|     call count    |         11 |
+-------------------+------------+

+-----------------------+---------+---------------+
|         Event         | Counter |     Core 1    |
+-----------------------+---------+---------------+
|   INSTR_RETIRED_ANY   |  FIXC0  | 4336488000000 |
| CPU_CLK_UNHALTED_CORE |  FIXC1  | 1681321000000 |
|  CPU_CLK_UNHALTED_REF |  FIXC2  | 1514045000000 |
|    L2_LINES_IN_ALL    |   PMC0  |   89721260000 |
|     L2_TRANS_L2_WB    |   PMC1  |   10085290000 |
+-----------------------+---------+---------------+

+-------------------------------+------------+
|             Metric            |   Core 1   |
+-------------------------------+------------+
|      Runtime (RDTSC) [s]      |   447.8783 |
|      Runtime unhalted [s]     |   493.3508 |
|          Clock [MHz]          |  3784.4840 |
|              CPI              |     0.3877 |
|  L3 load bandwidth [MBytes/s] | 12820.8057 |
|  L3 load data volume [GBytes] |  5742.1606 |
| L3 evict bandwidth [MBytes/s] |  1441.1472 |
| L3 evict data volume [GBytes] |   645.4586 |
|    L3 bandwidth [MBytes/s]    | 14261.9529 |
|    L3 data volume [GBytes]    |  6387.6192 |
+-------------------------------+------------+

