--------------------------------------------------------------------------------
CPU name:	Intel(R) Core(TM) i5-7500 CPU @ 3.40GHz
CPU type:	Intel Coffeelake processor
CPU clock:	3.41 GHz
--------------------------------------------------------------------------------
matriz 1

tam : 32
iteracoes: 10

iter 1: 7.87400787401181
iter 2: 7.87400787401181
iter 3: 3.08872535501095e-13
iter 4: 2.04960093761355e-14
iter 5: 2.03692541568534e-14
iter 6: 2.14727250059603e-14
iter 7: 2.13267423932272e-14
iter 8: 2.06383054137585e-14
iter 9: 1.92766857737455e-14
iter 10: 2.06044106584975e-14

LU_tempo: 0.0455079078674316
iter_tempo: 1044.85805296898
residuo_tempo: 2.23399901390076

--------------------------------------------------------------------------------
Region teste_fatoracaoLU_32, Group 1: L2CACHE
+-------------------+----------+
|    Region Info    |  Core 1  |
+-------------------+----------+
| RDTSC Runtime [s] | 0.000112 |
|     call count    |        1 |
+-------------------+----------+

+-----------------------+---------+---------+
|         Event         | Counter |  Core 1 |
+-----------------------+---------+---------+
|   INSTR_RETIRED_ANY   |  FIXC0  | 1274289 |
| CPU_CLK_UNHALTED_CORE |  FIXC1  |  418825 |
|  CPU_CLK_UNHALTED_REF |  FIXC2  |  386666 |
| L2_TRANS_ALL_REQUESTS |   PMC0  |    4267 |
|     L2_RQSTS_MISS     |   PMC1  |    1154 |
+-----------------------+---------+---------+

+----------------------+-----------+
|        Metric        |   Core 1  |
+----------------------+-----------+
|  Runtime (RDTSC) [s] |    0.0001 |
| Runtime unhalted [s] |    0.0001 |
|      Clock [MHz]     | 3691.3218 |
|          CPI         |    0.3287 |
|    L2 request rate   |    0.0033 |
|     L2 miss rate     |    0.0009 |
|     L2 miss ratio    |    0.2704 |
+----------------------+-----------+

Region teste_residuo_32, Group 1: L2CACHE
+-------------------+----------+
|    Region Info    |  Core 1  |
+-------------------+----------+
| RDTSC Runtime [s] | 0.001315 |
|     call count    |       11 |
+-------------------+----------+

+-----------------------+---------+----------+
|         Event         | Counter |  Core 1  |
+-----------------------+---------+----------+
|   INSTR_RETIRED_ANY   |  FIXC0  | 18450310 |
| CPU_CLK_UNHALTED_CORE |  FIXC1  |  4940004 |
|  CPU_CLK_UNHALTED_REF |  FIXC2  |  4560756 |
| L2_TRANS_ALL_REQUESTS |   PMC0  |    43648 |
|     L2_RQSTS_MISS     |   PMC1  |    11456 |
+-----------------------+---------+----------+

+----------------------+-----------+
|        Metric        |   Core 1  |
+----------------------+-----------+
|  Runtime (RDTSC) [s] |    0.0013 |
| Runtime unhalted [s] |    0.0014 |
|      Clock [MHz]     | 3691.2695 |
|          CPI         |    0.2677 |
|    L2 request rate   |    0.0024 |
|     L2 miss rate     |    0.0006 |
|     L2 miss ratio    |    0.2625 |
+----------------------+-----------+

--------------------------------------------------------------------------------
CPU name:	Intel(R) Core(TM) i5-7500 CPU @ 3.40GHz
CPU type:	Intel Coffeelake processor
CPU clock:	3.41 GHz
--------------------------------------------------------------------------------
matriz 1

tam : 33
iteracoes: 10

iter 1: 8.12403840463597
iter 2: 8.12403840463597
iter 3: 2.87177553876034e-13
iter 4: 5.17003140239408e-14
iter 5: 5.01904792147694e-14
iter 6: 4.77991726620365e-14
iter 7: 5.16178761917171e-14
iter 8: 5.05105443921872e-14
iter 9: 5.11077057917207e-14
iter 10: 5.22050863837209e-14

LU_tempo: 0.0506000518798828
iter_tempo: 1052.56802201271
residuo_tempo: 2.37120020389557

--------------------------------------------------------------------------------
Region teste_fatoracaoLU_33, Group 1: L2CACHE
+-------------------+----------+
|    Region Info    |  Core 1  |
+-------------------+----------+
| RDTSC Runtime [s] | 0.000120 |
|     call count    |        1 |
+-------------------+----------+

+-----------------------+---------+---------+
|         Event         | Counter |  Core 1 |
+-----------------------+---------+---------+
|   INSTR_RETIRED_ANY   |  FIXC0  | 1392910 |
| CPU_CLK_UNHALTED_CORE |  FIXC1  |  455266 |
|  CPU_CLK_UNHALTED_REF |  FIXC2  |  409812 |
| L2_TRANS_ALL_REQUESTS |   PMC0  |    5080 |
|     L2_RQSTS_MISS     |   PMC1  |    1256 |
+-----------------------+---------+---------+

+----------------------+-----------+
|        Metric        |   Core 1  |
+----------------------+-----------+
|  Runtime (RDTSC) [s] |    0.0001 |
| Runtime unhalted [s] |    0.0001 |
|      Clock [MHz]     | 3785.9368 |
|          CPI         |    0.3268 |
|    L2 request rate   |    0.0036 |
|     L2 miss rate     |    0.0009 |
|     L2 miss ratio    |    0.2472 |
+----------------------+-----------+

Region teste_residuo_33, Group 1: L2CACHE
+-------------------+----------+
|    Region Info    |  Core 1  |
+-------------------+----------+
| RDTSC Runtime [s] | 0.001454 |
|     call count    |       11 |
+-------------------+----------+

+-----------------------+---------+----------+
|         Event         | Counter |  Core 1  |
+-----------------------+---------+----------+
|   INSTR_RETIRED_ANY   |  FIXC0  | 20218310 |
| CPU_CLK_UNHALTED_CORE |  FIXC1  |  5485627 |
|  CPU_CLK_UNHALTED_REF |  FIXC2  |  4943730 |
| L2_TRANS_ALL_REQUESTS |   PMC0  |    48311 |
|     L2_RQSTS_MISS     |   PMC1  |    12363 |
+-----------------------+---------+----------+

+----------------------+-----------+
|        Metric        |   Core 1  |
+----------------------+-----------+
|  Runtime (RDTSC) [s] |    0.0015 |
| Runtime unhalted [s] |    0.0016 |
|      Clock [MHz]     | 3781.5021 |
|          CPI         |    0.2713 |
|    L2 request rate   |    0.0024 |
|     L2 miss rate     |    0.0006 |
|     L2 miss ratio    |    0.2559 |
+----------------------+-----------+

--------------------------------------------------------------------------------
CPU name:	Intel(R) Core(TM) i5-7500 CPU @ 3.40GHz
CPU type:	Intel Coffeelake processor
CPU clock:	3.41 GHz
--------------------------------------------------------------------------------
matriz 1

tam : 64
iteracoes: 10

iter 1: 11.3137084989848
iter 2: 11.3137084989848
iter 3: 1.99559134064116e-12
iter 4: 5.94657204053199e-13
iter 5: 6.13223157278124e-13
iter 6: 5.89258231261579e-13
iter 7: 5.945082311191e-13
iter 8: 6.10796374364997e-13
iter 9: 6.03802733857367e-13
iter 10: 6.1897336951794e-13

LU_tempo: 0.510921955108643
iter_tempo: 1044.172976017
residuo_tempo: 19.4566767215729

--------------------------------------------------------------------------------
Region teste_fatoracaoLU_64, Group 1: L2CACHE
+-------------------+----------+
|    Region Info    |  Core 1  |
+-------------------+----------+
| RDTSC Runtime [s] | 0.001466 |
|     call count    |        1 |
+-------------------+----------+

+-----------------------+---------+---------+
|         Event         | Counter |  Core 1 |
+-----------------------+---------+---------+
|   INSTR_RETIRED_ANY   |  FIXC0  | 9665975 |
| CPU_CLK_UNHALTED_CORE |  FIXC1  | 2914255 |
|  CPU_CLK_UNHALTED_REF |  FIXC2  | 4977242 |
| L2_TRANS_ALL_REQUESTS |   PMC0  |  104931 |
|     L2_RQSTS_MISS     |   PMC1  |    2854 |
+-----------------------+---------+---------+

+----------------------+-----------+
|        Metric        |   Core 1  |
+----------------------+-----------+
|  Runtime (RDTSC) [s] |    0.0015 |
| Runtime unhalted [s] |    0.0009 |
|      Clock [MHz]     | 1995.3980 |
|          CPI         |    0.3015 |
|    L2 request rate   |    0.0109 |
|     L2 miss rate     |    0.0003 |
|     L2 miss ratio    |    0.0272 |
+----------------------+-----------+

Region teste_residuo_64, Group 1: L2CACHE
+-------------------+----------+
|    Region Info    |  Core 1  |
+-------------------+----------+
| RDTSC Runtime [s] | 0.017909 |
|     call count    |       11 |
+-------------------+----------+

+-----------------------+---------+-----------+
|         Event         | Counter |   Core 1  |
+-----------------------+---------+-----------+
|   INSTR_RETIRED_ANY   |  FIXC0  | 144638700 |
| CPU_CLK_UNHALTED_CORE |  FIXC1  |  38471520 |
|  CPU_CLK_UNHALTED_REF |  FIXC2  |  59888930 |
| L2_TRANS_ALL_REQUESTS |   PMC0  |    706076 |
|     L2_RQSTS_MISS     |   PMC1  |     38999 |
+-----------------------+---------+-----------+

+----------------------+-----------+
|        Metric        |   Core 1  |
+----------------------+-----------+
|  Runtime (RDTSC) [s] |    0.0179 |
| Runtime unhalted [s] |    0.0113 |
|      Clock [MHz]     | 2189.1904 |
|          CPI         |    0.2660 |
|    L2 request rate   |    0.0049 |
|     L2 miss rate     |    0.0003 |
|     L2 miss ratio    |    0.0552 |
+----------------------+-----------+

--------------------------------------------------------------------------------
CPU name:	Intel(R) Core(TM) i5-7500 CPU @ 3.40GHz
CPU type:	Intel Coffeelake processor
CPU clock:	3.41 GHz
--------------------------------------------------------------------------------
matriz 1

tam : 65
iteracoes: 10

iter 1: 11.4017542509914
iter 2: 11.4017542509914
iter 3: 1.132770905956e-13
iter 4: 3.82293322927655e-14
iter 5: 3.74235966130903e-14
iter 6: 3.80695585500805e-14
iter 7: 3.8266967044219e-14
iter 8: 3.80156353249809e-14
iter 9: 3.80555048254138e-14
iter 10: 3.82509020860603e-14

LU_tempo: 0.351659059524536
iter_tempo: 1060.03161501884
residuo_tempo: 23.3755730390549

--------------------------------------------------------------------------------
Region teste_fatoracaoLU_65, Group 1: L2CACHE
+-------------------+----------+
|    Region Info    |  Core 1  |
+-------------------+----------+
| RDTSC Runtime [s] | 0.003871 |
|     call count    |        1 |
+-------------------+----------+

+-----------------------+---------+----------+
|         Event         | Counter |  Core 1  |
+-----------------------+---------+----------+
|   INSTR_RETIRED_ANY   |  FIXC0  | 10118020 |
| CPU_CLK_UNHALTED_CORE |  FIXC1  |  3057179 |
|  CPU_CLK_UNHALTED_REF |  FIXC2  | 13053490 |
| L2_TRANS_ALL_REQUESTS |   PMC0  |   122692 |
|     L2_RQSTS_MISS     |   PMC1  |     4165 |
+-----------------------+---------+----------+

+----------------------+----------+
|        Metric        |  Core 1  |
+----------------------+----------+
|  Runtime (RDTSC) [s] |   0.0039 |
| Runtime unhalted [s] |   0.0009 |
|      Clock [MHz]     | 798.1444 |
|          CPI         |   0.3022 |
|    L2 request rate   |   0.0121 |
|     L2 miss rate     |   0.0004 |
|     L2 miss ratio    |   0.0339 |
+----------------------+----------+

Region teste_residuo_65, Group 1: L2CACHE
+-------------------+----------+
|    Region Info    |  Core 1  |
+-------------------+----------+
| RDTSC Runtime [s] | 0.021541 |
|     call count    |       11 |
+-------------------+----------+

+-----------------------+---------+-----------+
|         Event         | Counter |   Core 1  |
+-----------------------+---------+-----------+
|   INSTR_RETIRED_ANY   |  FIXC0  | 151517700 |
| CPU_CLK_UNHALTED_CORE |  FIXC1  |  40489870 |
|  CPU_CLK_UNHALTED_REF |  FIXC2  |  72914300 |
| L2_TRANS_ALL_REQUESTS |   PMC0  |    618306 |
|     L2_RQSTS_MISS     |   PMC1  |     37040 |
+-----------------------+---------+-----------+

+----------------------+-----------+
|        Metric        |   Core 1  |
+----------------------+-----------+
|  Runtime (RDTSC) [s] |    0.0215 |
| Runtime unhalted [s] |    0.0119 |
|      Clock [MHz]     | 1892.4347 |
|          CPI         |    0.2672 |
|    L2 request rate   |    0.0041 |
|     L2 miss rate     |    0.0002 |
|     L2 miss ratio    |    0.0599 |
+----------------------+-----------+

--------------------------------------------------------------------------------
CPU name:	Intel(R) Core(TM) i5-7500 CPU @ 3.40GHz
CPU type:	Intel Coffeelake processor
CPU clock:	3.41 GHz
--------------------------------------------------------------------------------
matriz 1

tam : 128
iteracoes: 10

iter 1: 15.9373774505092
iter 2: 15.9373774505092
iter 3: 1.03146816149915e-12
iter 4: 2.07393742378964e-13
iter 5: 2.04841499641866e-13
iter 6: 2.10061945887957e-13
iter 7: 2.14678933300028e-13
iter 8: 2.06237133720541e-13
iter 9: 2.04966162324675e-13
iter 10: 2.09596048496126e-13

LU_tempo: 3.8483099937439
iter_tempo: 1077.77379596233
residuo_tempo: 89.8644859790802

--------------------------------------------------------------------------------
Region teste_fatoracaoLU_128, Group 1: L2CACHE
+-------------------+----------+
|    Region Info    |  Core 1  |
+-------------------+----------+
| RDTSC Runtime [s] | 0.022595 |
|     call count    |        1 |
+-------------------+----------+

+-----------------------+---------+----------+
|         Event         | Counter |  Core 1  |
+-----------------------+---------+----------+
|   INSTR_RETIRED_ANY   |  FIXC0  | 75339860 |
| CPU_CLK_UNHALTED_CORE |  FIXC1  | 22501400 |
|  CPU_CLK_UNHALTED_REF |  FIXC2  | 75631610 |
| L2_TRANS_ALL_REQUESTS |   PMC0  |  1164594 |
|     L2_RQSTS_MISS     |   PMC1  |   287562 |
+-----------------------+---------+----------+

+----------------------+-----------+
|        Metric        |   Core 1  |
+----------------------+-----------+
|  Runtime (RDTSC) [s] |    0.0226 |
| Runtime unhalted [s] |    0.0066 |
|      Clock [MHz]     | 1013.9084 |
|          CPI         |    0.2987 |
|    L2 request rate   |    0.0155 |
|     L2 miss rate     |    0.0038 |
|     L2 miss ratio    |    0.2469 |
+----------------------+-----------+

Region teste_residuo_128, Group 1: L2CACHE
+-------------------+----------+
|    Region Info    |  Core 1  |
+-------------------+----------+
| RDTSC Runtime [s] | 0.088855 |
|     call count    |       11 |
+-------------------+----------+

+-----------------------+---------+------------+
|         Event         | Counter |   Core 1   |
+-----------------------+---------+------------+
|   INSTR_RETIRED_ANY   |  FIXC0  | 1146404000 |
| CPU_CLK_UNHALTED_CORE |  FIXC1  |  309231600 |
|  CPU_CLK_UNHALTED_REF |  FIXC2  |  301237800 |
| L2_TRANS_ALL_REQUESTS |   PMC0  |   11540530 |
|     L2_RQSTS_MISS     |   PMC1  |    1331146 |
+-----------------------+---------+------------+

+----------------------+-----------+
|        Metric        |   Core 1  |
+----------------------+-----------+
|  Runtime (RDTSC) [s] |    0.0889 |
| Runtime unhalted [s] |    0.0907 |
|      Clock [MHz]     | 3498.3797 |
|          CPI         |    0.2697 |
|    L2 request rate   |    0.0101 |
|     L2 miss rate     |    0.0012 |
|     L2 miss ratio    |    0.1153 |
+----------------------+-----------+

--------------------------------------------------------------------------------
CPU name:	Intel(R) Core(TM) i5-7500 CPU @ 3.40GHz
CPU type:	Intel Coffeelake processor
CPU clock:	3.41 GHz
--------------------------------------------------------------------------------
matriz 1

tam : 129
iteracoes: 10

iter 1: 16
iter 2: 16
iter 3: 4.14872807949672e-13
iter 4: 1.05077776197137e-13
iter 5: 1.04005970324237e-13
iter 6: 1.02595764554899e-13
iter 7: 1.03580850018435e-13
iter 8: 1.05039874911105e-13
iter 9: 1.02678694173791e-13
iter 10: 1.03650434701921e-13

LU_tempo: 2.7431800365448
iter_tempo: 1077.80767691135
residuo_tempo: 90.5985019207001

--------------------------------------------------------------------------------
Region teste_fatoracaoLU_129, Group 1: L2CACHE
+-------------------+----------+
|    Region Info    |  Core 1  |
+-------------------+----------+
| RDTSC Runtime [s] | 0.022375 |
|     call count    |        1 |
+-------------------+----------+

+-----------------------+---------+----------+
|         Event         | Counter |  Core 1  |
+-----------------------+---------+----------+
|   INSTR_RETIRED_ANY   |  FIXC0  | 77103860 |
| CPU_CLK_UNHALTED_CORE |  FIXC1  | 22863070 |
|  CPU_CLK_UNHALTED_REF |  FIXC2  | 75357980 |
| L2_TRANS_ALL_REQUESTS |   PMC0  |  1168269 |
|     L2_RQSTS_MISS     |   PMC1  |   297964 |
+-----------------------+---------+----------+

+----------------------+-----------+
|        Metric        |   Core 1  |
+----------------------+-----------+
|  Runtime (RDTSC) [s] |    0.0224 |
| Runtime unhalted [s] |    0.0067 |
|      Clock [MHz]     | 1033.9490 |
|          CPI         |    0.2965 |
|    L2 request rate   |    0.0152 |
|     L2 miss rate     |    0.0039 |
|     L2 miss ratio    |    0.2550 |
+----------------------+-----------+

Region teste_residuo_129, Group 1: L2CACHE
+-------------------+----------+
|    Region Info    |  Core 1  |
+-------------------+----------+
| RDTSC Runtime [s] | 0.089573 |
|     call count    |       11 |
+-------------------+----------+

+-----------------------+---------+------------+
|         Event         | Counter |   Core 1   |
+-----------------------+---------+------------+
|   INSTR_RETIRED_ANY   |  FIXC0  | 1173542000 |
| CPU_CLK_UNHALTED_CORE |  FIXC1  |  312977000 |
|  CPU_CLK_UNHALTED_REF |  FIXC2  |  303427700 |
| L2_TRANS_ALL_REQUESTS |   PMC0  |    6931293 |
|     L2_RQSTS_MISS     |   PMC1  |     865865 |
+-----------------------+---------+------------+

+----------------------+-----------+
|        Metric        |   Core 1  |
+----------------------+-----------+
|  Runtime (RDTSC) [s] |    0.0896 |
| Runtime unhalted [s] |    0.0918 |
|      Clock [MHz]     | 3515.2078 |
|          CPI         |    0.2667 |
|    L2 request rate   |    0.0059 |
|     L2 miss rate     |    0.0007 |
|     L2 miss ratio    |    0.1249 |
+----------------------+-----------+

--------------------------------------------------------------------------------
CPU name:	Intel(R) Core(TM) i5-7500 CPU @ 3.40GHz
CPU type:	Intel Coffeelake processor
CPU clock:	3.41 GHz
--------------------------------------------------------------------------------
matriz 1

tam : 256
iteracoes: 10

iter 1: 22.4499443206437
iter 2: 22.4499443206437
iter 3: 3.28906166556499e-12
iter 4: 4.87463244103061e-13
iter 5: 4.87468012801789e-13
iter 6: 4.89545196481904e-13
iter 7: 4.8602067807942e-13
iter 8: 4.85395199693998e-13
iter 9: 4.90451363658666e-13
iter 10: 4.92857856779395e-13

LU_tempo: 21.7836821079254
iter_tempo: 1096.82989895344
residuo_tempo: 938.791135668755

--------------------------------------------------------------------------------
Region teste_fatoracaoLU_256, Group 1: L2CACHE
+-------------------+----------+
|    Region Info    |  Core 1  |
+-------------------+----------+
| RDTSC Runtime [s] | 0.047033 |
|     call count    |        1 |
+-------------------+----------+

+-----------------------+---------+-----------+
|         Event         | Counter |   Core 1  |
+-----------------------+---------+-----------+
|   INSTR_RETIRED_ANY   |  FIXC0  | 594925600 |
| CPU_CLK_UNHALTED_CORE |  FIXC1  | 176289400 |
|  CPU_CLK_UNHALTED_REF |  FIXC2  | 158492400 |
| L2_TRANS_ALL_REQUESTS |   PMC0  |  11144930 |
|     L2_RQSTS_MISS     |   PMC1  |   4201453 |
+-----------------------+---------+-----------+

+----------------------+-----------+
|        Metric        |   Core 1  |
+----------------------+-----------+
|  Runtime (RDTSC) [s] |    0.0470 |
| Runtime unhalted [s] |    0.0517 |
|      Clock [MHz]     | 3790.2965 |
|          CPI         |    0.2963 |
|    L2 request rate   |    0.0187 |
|     L2 miss rate     |    0.0071 |
|     L2 miss ratio    |    0.3770 |
+----------------------+-----------+

Region teste_residuo_256, Group 1: L2CACHE
+-------------------+----------+
|    Region Info    |  Core 1  |
+-------------------+----------+
| RDTSC Runtime [s] | 0.937883 |
|     call count    |       11 |
+-------------------+----------+

+-----------------------+---------+------------+
|         Event         | Counter |   Core 1   |
+-----------------------+---------+------------+
|   INSTR_RETIRED_ANY   |  FIXC0  | 9129835000 |
| CPU_CLK_UNHALTED_CORE |  FIXC1  | 3538128000 |
|  CPU_CLK_UNHALTED_REF |  FIXC2  | 3181323000 |
| L2_TRANS_ALL_REQUESTS |   PMC0  |  440154600 |
|     L2_RQSTS_MISS     |   PMC1  |  194965200 |
+-----------------------+---------+------------+

+----------------------+-----------+
|        Metric        |   Core 1  |
+----------------------+-----------+
|  Runtime (RDTSC) [s] |    0.9379 |
| Runtime unhalted [s] |    1.0383 |
|      Clock [MHz]     | 3789.8429 |
|          CPI         |    0.3875 |
|    L2 request rate   |    0.0482 |
|     L2 miss rate     |    0.0214 |
|     L2 miss ratio    |    0.4429 |
+----------------------+-----------+

--------------------------------------------------------------------------------
CPU name:	Intel(R) Core(TM) i5-7500 CPU @ 3.40GHz
CPU type:	Intel Coffeelake processor
CPU clock:	3.41 GHz
--------------------------------------------------------------------------------
matriz 1

tam : 257
iteracoes: 10

iter 1: 22.6715680975093
iter 2: 22.6715680975093
iter 3: 1.83175334896599e-12
iter 4: 3.09965978913707e-13
iter 5: 3.06790616803033e-13
iter 6: 3.06873203123891e-13
iter 7: 3.08094938035495e-13
iter 8: 3.07029626495979e-13
iter 9: 3.08660637147732e-13
iter 10: 3.09024179863299e-13

LU_tempo: 22.3860520124435
iter_tempo: 1094.37852299213
residuo_tempo: 719.073026776314

--------------------------------------------------------------------------------
Region teste_fatoracaoLU_257, Group 1: L2CACHE
+-------------------+----------+
|    Region Info    |  Core 1  |
+-------------------+----------+
| RDTSC Runtime [s] | 0.047233 |
|     call count    |        1 |
+-------------------+----------+

+-----------------------+---------+-----------+
|         Event         | Counter |   Core 1  |
+-----------------------+---------+-----------+
|   INSTR_RETIRED_ANY   |  FIXC0  | 601864200 |
| CPU_CLK_UNHALTED_CORE |  FIXC1  | 177056700 |
|  CPU_CLK_UNHALTED_REF |  FIXC2  | 159190100 |
| L2_TRANS_ALL_REQUESTS |   PMC0  |  11218430 |
|     L2_RQSTS_MISS     |   PMC1  |   4139045 |
+-----------------------+---------+-----------+

+----------------------+-----------+
|        Metric        |   Core 1  |
+----------------------+-----------+
|  Runtime (RDTSC) [s] |    0.0472 |
| Runtime unhalted [s] |    0.0520 |
|      Clock [MHz]     | 3790.3650 |
|          CPI         |    0.2942 |
|    L2 request rate   |    0.0186 |
|     L2 miss rate     |    0.0069 |
|     L2 miss ratio    |    0.3690 |
+----------------------+-----------+

Region teste_residuo_257, Group 1: L2CACHE
+-------------------+----------+
|    Region Info    |  Core 1  |
+-------------------+----------+
| RDTSC Runtime [s] | 0.718145 |
|     call count    |       11 |
+-------------------+----------+

+-----------------------+---------+------------+
|         Event         | Counter |   Core 1   |
+-----------------------+---------+------------+
|   INSTR_RETIRED_ANY   |  FIXC0  | 9237635000 |
| CPU_CLK_UNHALTED_CORE |  FIXC1  | 2711795000 |
|  CPU_CLK_UNHALTED_REF |  FIXC2  | 2438003000 |
| L2_TRANS_ALL_REQUESTS |   PMC0  |  137278700 |
|     L2_RQSTS_MISS     |   PMC1  |   26688750 |
+-----------------------+---------+------------+

+----------------------+-----------+
|        Metric        |   Core 1  |
+----------------------+-----------+
|  Runtime (RDTSC) [s] |    0.7181 |
| Runtime unhalted [s] |    0.7957 |
|      Clock [MHz]     | 3790.5947 |
|          CPI         |    0.2936 |
|    L2 request rate   |    0.0149 |
|     L2 miss rate     |    0.0029 |
|     L2 miss ratio    |    0.1944 |
+----------------------+-----------+

--------------------------------------------------------------------------------
CPU name:	Intel(R) Core(TM) i5-7500 CPU @ 3.40GHz
CPU type:	Intel Coffeelake processor
CPU clock:	3.41 GHz
--------------------------------------------------------------------------------
matriz 1

tam : 512
iteracoes: 10

iter 1: 32
iter 2: 32
iter 3: 8.18355103931603e-12
iter 4: 5.26269983458729e-13
iter 5: 5.23033186481397e-13
iter 6: 5.24900994389688e-13
iter 7: 5.23084143633995e-13
iter 8: 5.21306739012077e-13
iter 9: 5.24106992133209e-13
iter 10: 5.24643863637956e-13

LU_tempo: 158.252375006676
iter_tempo: 1436.63769507408
residuo_tempo: 7576.10719382763

--------------------------------------------------------------------------------
Region teste_fatoracaoLU_512, Group 1: L2CACHE
+-------------------+----------+
|    Region Info    |  Core 1  |
+-------------------+----------+
| RDTSC Runtime [s] | 0.384400 |
|     call count    |        1 |
+-------------------+----------+

+-----------------------+---------+------------+
|         Event         | Counter |   Core 1   |
+-----------------------+---------+------------+
|   INSTR_RETIRED_ANY   |  FIXC0  | 4728338000 |
| CPU_CLK_UNHALTED_CORE |  FIXC1  | 1363190000 |
|  CPU_CLK_UNHALTED_REF |  FIXC2  | 1295471000 |
| L2_TRANS_ALL_REQUESTS |   PMC0  |   72795230 |
|     L2_RQSTS_MISS     |   PMC1  |   28256250 |
+-----------------------+---------+------------+

+----------------------+-----------+
|        Metric        |   Core 1  |
+----------------------+-----------+
|  Runtime (RDTSC) [s] |    0.3844 |
| Runtime unhalted [s] |    0.4000 |
|      Clock [MHz]     | 3586.0427 |
|          CPI         |    0.2883 |
|    L2 request rate   |    0.0154 |
|     L2 miss rate     |    0.0060 |
|     L2 miss ratio    |    0.3882 |
+----------------------+-----------+

Region teste_residuo_512, Group 1: L2CACHE
+-------------------+----------+
|    Region Info    |  Core 1  |
+-------------------+----------+
| RDTSC Runtime [s] | 7.574969 |
|     call count    |       11 |
+-------------------+----------+

+-----------------------+---------+-------------+
|         Event         | Counter |    Core 1   |
+-----------------------+---------+-------------+
|   INSTR_RETIRED_ANY   |  FIXC0  | 72875070000 |
| CPU_CLK_UNHALTED_CORE |  FIXC1  | 28508900000 |
|  CPU_CLK_UNHALTED_REF |  FIXC2  | 25679250000 |
| L2_TRANS_ALL_REQUESTS |   PMC0  |  3269186000 |
|     L2_RQSTS_MISS     |   PMC1  |  1531505000 |
+-----------------------+---------+-------------+

+----------------------+-----------+
|        Metric        |   Core 1  |
+----------------------+-----------+
|  Runtime (RDTSC) [s] |    7.5750 |
| Runtime unhalted [s] |    8.3655 |
|      Clock [MHz]     | 3783.4229 |
|          CPI         |    0.3912 |
|    L2 request rate   |    0.0449 |
|     L2 miss rate     |    0.0210 |
|     L2 miss ratio    |    0.4685 |
+----------------------+-----------+

--------------------------------------------------------------------------------
CPU name:	Intel(R) Core(TM) i5-7500 CPU @ 3.40GHz
CPU type:	Intel Coffeelake processor
CPU clock:	3.41 GHz
--------------------------------------------------------------------------------
matriz 1

tam : 1000
iteracoes: 10

iter 1: 44.698993277254
iter 2: 44.698993277254
iter 3: 1.28493268872978e-10
iter 4: 1.10644206428314e-11
iter 5: 1.10756919431565e-11
iter 6: 1.10566677466384e-11
iter 7: 1.10516443820759e-11
iter 8: 1.10363246855038e-11
iter 9: 1.10581831550599e-11
iter 10: 1.10496367664549e-11

LU_tempo: 1146.04969489574
iter_tempo: 3765.01383292675
residuo_tempo: 46489.7089421749

--------------------------------------------------------------------------------
Region teste_fatoracaoLU_1000, Group 1: L2CACHE
+-------------------+----------+
|    Region Info    |  Core 1  |
+-------------------+----------+
| RDTSC Runtime [s] | 2.712440 |
|     call count    |        1 |
+-------------------+----------+

+-----------------------+---------+-------------+
|         Event         | Counter |    Core 1   |
+-----------------------+---------+-------------+
|   INSTR_RETIRED_ANY   |  FIXC0  | 35117090000 |
| CPU_CLK_UNHALTED_CORE |  FIXC1  | 10146160000 |
|  CPU_CLK_UNHALTED_REF |  FIXC2  |  9187723000 |
| L2_TRANS_ALL_REQUESTS |   PMC0  |   572647700 |
|     L2_RQSTS_MISS     |   PMC1  |   190537000 |
+-----------------------+---------+-------------+

+----------------------+-----------+
|        Metric        |   Core 1  |
+----------------------+-----------+
|  Runtime (RDTSC) [s] |    2.7124 |
| Runtime unhalted [s] |    2.9772 |
|      Clock [MHz]     | 3763.4456 |
|          CPI         |    0.2889 |
|    L2 request rate   |    0.0163 |
|     L2 miss rate     |    0.0054 |
|     L2 miss ratio    |    0.3327 |
+----------------------+-----------+

Region teste_residuo_1000, Group 1: L2CACHE
+-------------------+-----------+
|    Region Info    |   Core 1  |
+-------------------+-----------+
| RDTSC Runtime [s] | 46.488230 |
|     call count    |        11 |
+-------------------+-----------+

+-----------------------+---------+--------------+
|         Event         | Counter |    Core 1    |
+-----------------------+---------+--------------+
|   INSTR_RETIRED_ANY   |  FIXC0  | 542369500000 |
| CPU_CLK_UNHALTED_CORE |  FIXC1  | 175162900000 |
|  CPU_CLK_UNHALTED_REF |  FIXC2  | 157498600000 |
| L2_TRANS_ALL_REQUESTS |   PMC0  |  11308660000 |
|     L2_RQSTS_MISS     |   PMC1  |   3165377000 |
+-----------------------+---------+--------------+

+----------------------+-----------+
|        Metric        |   Core 1  |
+----------------------+-----------+
|  Runtime (RDTSC) [s] |   46.4882 |
| Runtime unhalted [s] |   51.3985 |
|      Clock [MHz]     | 3790.1575 |
|          CPI         |    0.3230 |
|    L2 request rate   |    0.0209 |
|     L2 miss rate     |    0.0058 |
|     L2 miss ratio    |    0.2799 |
+----------------------+-----------+

--------------------------------------------------------------------------------
CPU name:	Intel(R) Core(TM) i5-7500 CPU @ 3.40GHz
CPU type:	Intel Coffeelake processor
CPU clock:	3.41 GHz
--------------------------------------------------------------------------------
matriz 1

tam : 2000
iteracoes: 10

iter 1: 63.166446789415
iter 2: 63.166446789415
iter 3: 2.61268159791864e-10
iter 4: 9.72440642694121e-12
iter 5: 9.71569317565137e-12
iter 6: 9.71837040360446e-12
iter 7: 9.71877914055708e-12
iter 8: 9.71672420865675e-12
iter 9: 9.71446887003567e-12
iter 10: 9.71297941688064e-12

LU_tempo: 9185.58478295803
iter_tempo: 22579.5735810995
residuo_tempo: 445901.403849959

--------------------------------------------------------------------------------
Region teste_fatoracaoLU_2000, Group 1: L2CACHE
+-------------------+-----------+
|    Region Info    |   Core 1  |
+-------------------+-----------+
| RDTSC Runtime [s] | 21.533840 |
|     call count    |         1 |
+-------------------+-----------+

+-----------------------+---------+--------------+
|         Event         | Counter |    Core 1    |
+-----------------------+---------+--------------+
|   INSTR_RETIRED_ANY   |  FIXC0  | 280474800000 |
| CPU_CLK_UNHALTED_CORE |  FIXC1  |  80347670000 |
|  CPU_CLK_UNHALTED_REF |  FIXC2  |  72614500000 |
| L2_TRANS_ALL_REQUESTS |   PMC0  |   4738229000 |
|     L2_RQSTS_MISS     |   PMC1  |   1445010000 |
+-----------------------+---------+--------------+

+----------------------+-----------+
|        Metric        |   Core 1  |
+----------------------+-----------+
|  Runtime (RDTSC) [s] |   21.5338 |
| Runtime unhalted [s] |   23.5765 |
|      Clock [MHz]     | 3770.8880 |
|          CPI         |    0.2865 |
|    L2 request rate   |    0.0169 |
|     L2 miss rate     |    0.0052 |
|     L2 miss ratio    |    0.3050 |
+----------------------+-----------+

Region teste_residuo_2000, Group 1: L2CACHE
+-------------------+------------+
|    Region Info    |   Core 1   |
+-------------------+------------+
| RDTSC Runtime [s] | 445.896700 |
|     call count    |         11 |
+-------------------+------------+

+-----------------------+---------+---------------+
|         Event         | Counter |     Core 1    |
+-----------------------+---------+---------------+
|   INSTR_RETIRED_ANY   |  FIXC0  | 4336477000000 |
| CPU_CLK_UNHALTED_CORE |  FIXC1  | 1679408000000 |
|  CPU_CLK_UNHALTED_REF |  FIXC2  | 1510148000000 |
| L2_TRANS_ALL_REQUESTS |   PMC0  |  221648800000 |
|     L2_RQSTS_MISS     |   PMC1  |   89846910000 |
+-----------------------+---------+---------------+

+----------------------+-----------+
|        Metric        |   Core 1  |
+----------------------+-----------+
|  Runtime (RDTSC) [s] |  445.8967 |
| Runtime unhalted [s] |  492.7907 |
|      Clock [MHz]     | 3789.9231 |
|          CPI         |    0.3873 |
|    L2 request rate   |    0.0511 |
|     L2 miss rate     |    0.0207 |
|     L2 miss ratio    |    0.4054 |
+----------------------+-----------+

--------------------------------------------------------------------------------
CPU name:	Intel(R) Core(TM) i5-7500 CPU @ 3.40GHz
CPU type:	Intel Coffeelake processor
CPU clock:	3.41 GHz
--------------------------------------------------------------------------------
matriz 1

tam : 4000
iteracoes: 10

iter 1: 89.4203556244329
iter 2: 89.4203556244329
iter 3: 1.61818783698607e-09
iter 4: 1.87344257326949e-11
iter 5: 1.87158144578438e-11
iter 6: 1.87169579155481e-11
iter 7: 1.87139736539615e-11
iter 8: 1.87227048578447e-11
iter 9: 1.87166446006945e-11
iter 10: 1.87230497395068e-11

LU_tempo: 73385.4837230444
iter_tempo: 169347.852470994
residuo_tempo: 5641926.96769571

--------------------------------------------------------------------------------
Region teste_fatoracaoLU_4000, Group 1: L2CACHE
+-------------------+------------+
|    Region Info    |   Core 1   |
+-------------------+------------+
| RDTSC Runtime [s] | 168.293100 |
|     call count    |          1 |
+-------------------+------------+

+-----------------------+---------+---------------+
|         Event         | Counter |     Core 1    |
+-----------------------+---------+---------------+
|   INSTR_RETIRED_ANY   |  FIXC0  | 2241872000000 |
| CPU_CLK_UNHALTED_CORE |  FIXC1  |  634490400000 |
|  CPU_CLK_UNHALTED_REF |  FIXC2  |  570540900000 |
| L2_TRANS_ALL_REQUESTS |   PMC0  |   43151190000 |
|     L2_RQSTS_MISS     |   PMC1  |   11110720000 |
+-----------------------+---------+---------------+

+----------------------+-----------+
|        Metric        |   Core 1  |
+----------------------+-----------+
|  Runtime (RDTSC) [s] |  168.2931 |
| Runtime unhalted [s] |  186.2082 |
|      Clock [MHz]     | 3789.3474 |
|          CPI         |    0.2830 |
|    L2 request rate   |    0.0192 |
|     L2 miss rate     |    0.0050 |
|     L2 miss ratio    |    0.2575 |
+----------------------+-----------+

Region teste_residuo_4000, Group 1: L2CACHE
+-------------------+-------------+
|    Region Info    |    Core 1   |
+-------------------+-------------+
| RDTSC Runtime [s] | 5641.926000 |
|     call count    |          11 |
+-------------------+-------------+

+-----------------------+---------+----------------+
|         Event         | Counter |     Core 1     |
+-----------------------+---------+----------------+
|   INSTR_RETIRED_ANY   |  FIXC0  | 34681900000000 |
| CPU_CLK_UNHALTED_CORE |  FIXC1  | 21254760000000 |
|  CPU_CLK_UNHALTED_REF |  FIXC2  | 19110960000000 |
| L2_TRANS_ALL_REQUESTS |   PMC0  |  1769129000000 |
|     L2_RQSTS_MISS     |   PMC1  |   749257600000 |
+-----------------------+---------+----------------+

+----------------------+-----------+
|        Metric        |   Core 1  |
+----------------------+-----------+
|  Runtime (RDTSC) [s] | 5641.9260 |
| Runtime unhalted [s] | 6237.7800 |
|      Clock [MHz]     | 3789.6566 |
|          CPI         |    0.6128 |
|    L2 request rate   |    0.0510 |
|     L2 miss rate     |    0.0216 |
|     L2 miss ratio    |    0.4235 |
+----------------------+-----------+

--------------------------------------------------------------------------------
CPU name:	Intel(R) Core(TM) i5-7500 CPU @ 3.40GHz
CPU type:	Intel Coffeelake processor
CPU clock:	3.41 GHz
--------------------------------------------------------------------------------
--------------------------------------------------------------------------------
CPU name:	Intel(R) Core(TM) i5-7500 CPU @ 3.40GHz
CPU type:	Intel Coffeelake processor
CPU clock:	3.41 GHz
--------------------------------------------------------------------------------
