--------------------------------------------------------------------------------
CPU name:	Intel(R) Core(TM) i5-7500 CPU @ 3.40GHz
CPU type:	Intel Coffeelake processor
CPU clock:	3.41 GHz
--------------------------------------------------------------------------------
matriz 1

tam : 1000
iteracoes: 10

iter 1: 44.698993277254
iter 2: 44.698993277254
iter 3: 1.28493268872978e-10
iter 4: 1.10644206428314e-11
iter 5: 1.10756919431565e-11
iter 6: 1.10566677466384e-11
iter 7: 1.10516443820759e-11
iter 8: 1.10363246855038e-11
iter 9: 1.10581831550599e-11
iter 10: 1.10496367664549e-11

LU_tempo: 939.780099987984
iter_tempo: 3783.22047901154
residuo_tempo: 74910.2071204185

--------------------------------------------------------------------------------
Region teste_fatoracaoLU_1000, Group 1: FLOPS_DP
+-------------------+----------+
|    Region Info    |  Core 1  |
+-------------------+----------+
| RDTSC Runtime [s] | 2.735303 |
|     call count    |        1 |
+-------------------+----------+

+------------------------------------------+---------+-------------+
|                   Event                  | Counter |    Core 1   |
+------------------------------------------+---------+-------------+
|             INSTR_RETIRED_ANY            |  FIXC0  | 35126080000 |
|           CPU_CLK_UNHALTED_CORE          |  FIXC1  | 10294020000 |
|           CPU_CLK_UNHALTED_REF           |  FIXC2  |  9256854000 |
| FP_ARITH_INST_RETIRED_128B_PACKED_DOUBLE |   PMC0  |           0 |
|    FP_ARITH_INST_RETIRED_SCALAR_DOUBLE   |   PMC1  |  2000000000 |
| FP_ARITH_INST_RETIRED_256B_PACKED_DOUBLE |   PMC2  |           0 |
+------------------------------------------+---------+-------------+

+----------------------+-----------+
|        Metric        |   Core 1  |
+----------------------+-----------+
|  Runtime (RDTSC) [s] |    2.7353 |
| Runtime unhalted [s] |    3.0206 |
|      Clock [MHz]     | 3789.8094 |
|          CPI         |    0.2931 |
|      DP MFLOP/s      |  731.1804 |
|    AVX DP MFLOP/s    |         0 |
|    Packed MUOPS/s    |         0 |
|    Scalar MUOPS/s    |  731.1804 |
|  Vectorization ratio |         0 |
+----------------------+-----------+

Region teste_residuo_1000, Group 1: FLOPS_DP
+-------------------+-----------+
|    Region Info    |   Core 1  |
+-------------------+-----------+
| RDTSC Runtime [s] | 74.911070 |
|     call count    |        11 |
+-------------------+-----------+

+------------------------------------------+---------+--------------+
|                   Event                  | Counter |    Core 1    |
+------------------------------------------+---------+--------------+
|             INSTR_RETIRED_ANY            |  FIXC0  | 550649300000 |
|           CPU_CLK_UNHALTED_CORE          |  FIXC1  | 282079100000 |
|           CPU_CLK_UNHALTED_REF           |  FIXC2  | 253756500000 |
| FP_ARITH_INST_RETIRED_128B_PACKED_DOUBLE |   PMC0  |            0 |
|    FP_ARITH_INST_RETIRED_SCALAR_DOUBLE   |   PMC1  |  22011000000 |
| FP_ARITH_INST_RETIRED_256B_PACKED_DOUBLE |   PMC2  |            0 |
+------------------------------------------+---------+--------------+

+----------------------+-----------+
|        Metric        |   Core 1  |
+----------------------+-----------+
|  Runtime (RDTSC) [s] |   74.9111 |
| Runtime unhalted [s] |   82.7704 |
|      Clock [MHz]     | 3788.3449 |
|          CPI         |    0.5123 |
|      DP MFLOP/s      |  293.8284 |
|    AVX DP MFLOP/s    |         0 |
|    Packed MUOPS/s    |         0 |
|    Scalar MUOPS/s    |  293.8284 |
|  Vectorization ratio |         0 |
+----------------------+-----------+

