--------------------------------------------------------------------------------
CPU name:	Intel(R) Core(TM) i5-7500 CPU @ 3.40GHz
CPU type:	Intel Coffeelake processor
CPU clock:	3.41 GHz
--------------------------------------------------------------------------------
matriz 1

tam : 33
iteracoes: 10

iter 1: 8.12403840463597
iter 2: 8.12403840463597
iter 3: 2.87177553876034e-13
iter 4: 5.17003140239408e-14
iter 5: 5.01904792147694e-14
iter 6: 4.77991726620365e-14
iter 7: 5.16178761917171e-14
iter 8: 5.05105443921872e-14
iter 9: 5.11077057917207e-14
iter 10: 5.22050863837209e-14

LU_tempo: 0.0711820125579834
iter_tempo: 1043.21508097649
residuo_tempo: 7.04172301292419

--------------------------------------------------------------------------------
Region teste_fatoracaoLU_33, Group 1: L2CACHE
+-------------------+----------+
|    Region Info    |  Core 1  |
+-------------------+----------+
| RDTSC Runtime [s] | 0.000584 |
|     call count    |        1 |
+-------------------+----------+

+-----------------------+---------+---------+
|         Event         | Counter |  Core 1 |
+-----------------------+---------+---------+
|   INSTR_RETIRED_ANY   |  FIXC0  | 1401834 |
| CPU_CLK_UNHALTED_CORE |  FIXC1  |  459520 |
|  CPU_CLK_UNHALTED_REF |  FIXC2  | 1961304 |
| L2_TRANS_ALL_REQUESTS |   PMC0  |   11249 |
|     L2_RQSTS_MISS     |   PMC1  |    1757 |
+-----------------------+---------+---------+

+----------------------+----------+
|        Metric        |  Core 1  |
+----------------------+----------+
|  Runtime (RDTSC) [s] |   0.0006 |
| Runtime unhalted [s] |   0.0001 |
|      Clock [MHz]     | 798.4641 |
|          CPI         |   0.3278 |
|    L2 request rate   |   0.0080 |
|     L2 miss rate     |   0.0013 |
|     L2 miss ratio    |   0.1562 |
+----------------------+----------+

Region teste_residuo_33, Group 1: L2CACHE
+-------------------+----------+
|    Region Info    |  Core 1  |
+-------------------+----------+
| RDTSC Runtime [s] | 0.007050 |
|     call count    |       11 |
+-------------------+----------+

+-----------------------+---------+----------+
|         Event         | Counter |  Core 1  |
+-----------------------+---------+----------+
|   INSTR_RETIRED_ANY   |  FIXC0  | 20521300 |
| CPU_CLK_UNHALTED_CORE |  FIXC1  |  5953834 |
|  CPU_CLK_UNHALTED_REF |  FIXC2  | 24273050 |
| L2_TRANS_ALL_REQUESTS |   PMC0  |    70035 |
|     L2_RQSTS_MISS     |   PMC1  |    17259 |
+-----------------------+---------+----------+

+----------------------+----------+
|        Metric        |  Core 1  |
+----------------------+----------+
|  Runtime (RDTSC) [s] |   0.0071 |
| Runtime unhalted [s] |   0.0017 |
|      Clock [MHz]     | 835.9269 |
|          CPI         |   0.2901 |
|    L2 request rate   |   0.0034 |
|     L2 miss rate     |   0.0008 |
|     L2 miss ratio    |   0.2464 |
+----------------------+----------+

