--------------------------------------------------------------------------------
CPU name:	Intel(R) Core(TM) i5-7500 CPU @ 3.40GHz
CPU type:	Intel Coffeelake processor
CPU clock:	3.41 GHz
--------------------------------------------------------------------------------
matriz 1

tam : 2000
iteracoes: 10

iter 1: 63.166446789415
iter 2: 63.166446789415
iter 3: 2.61268159791864e-10
iter 4: 9.72440642694121e-12
iter 5: 9.71569317565137e-12
iter 6: 9.71837040360446e-12
iter 7: 9.71877914055708e-12
iter 8: 9.71672420865675e-12
iter 9: 9.71446887003567e-12
iter 10: 9.71297941688064e-12

LU_tempo: 7722.44606506824
iter_tempo: 22715.9054460526
residuo_tempo: 1049619.35270989

--------------------------------------------------------------------------------
Region teste_fatoracaoLU_2000, Group 1: L2CACHE
+-------------------+-----------+
|    Region Info    |   Core 1  |
+-------------------+-----------+
| RDTSC Runtime [s] | 21.651840 |
|     call count    |         1 |
+-------------------+-----------+

+-----------------------+---------+--------------+
|         Event         | Counter |    Core 1    |
+-----------------------+---------+--------------+
|   INSTR_RETIRED_ANY   |  FIXC0  | 280512100000 |
| CPU_CLK_UNHALTED_CORE |  FIXC1  |  81275500000 |
|  CPU_CLK_UNHALTED_REF |  FIXC2  |  73193110000 |
| L2_TRANS_ALL_REQUESTS |   PMC0  |   4871815000 |
|     L2_RQSTS_MISS     |   PMC1  |   1483280000 |
+-----------------------+---------+--------------+

+----------------------+-----------+
|        Metric        |   Core 1  |
+----------------------+-----------+
|  Runtime (RDTSC) [s] |   21.6518 |
| Runtime unhalted [s] |   23.8487 |
|      Clock [MHz]     | 3784.2846 |
|          CPI         |    0.2897 |
|    L2 request rate   |    0.0174 |
|     L2 miss rate     |    0.0053 |
|     L2 miss ratio    |    0.3045 |
+----------------------+-----------+

Region teste_residuo_2000, Group 1: L2CACHE
+-------------------+-------------+
|    Region Info    |    Core 1   |
+-------------------+-------------+
| RDTSC Runtime [s] | 1049.627000 |
|     call count    |          11 |
+-------------------+-------------+

+-----------------------+---------+---------------+
|         Event         | Counter |     Core 1    |
+-----------------------+---------+---------------+
|   INSTR_RETIRED_ANY   |  FIXC0  | 4402604000000 |
| CPU_CLK_UNHALTED_CORE |  FIXC1  | 3930229000000 |
|  CPU_CLK_UNHALTED_REF |  FIXC2  | 3542454000000 |
| L2_TRANS_ALL_REQUESTS |   PMC0  |  858826600000 |
|     L2_RQSTS_MISS     |   PMC1  |  371229700000 |
+-----------------------+---------+---------------+

+----------------------+-----------+
|        Metric        |   Core 1  |
+----------------------+-----------+
|  Runtime (RDTSC) [s] | 1049.6270 |
| Runtime unhalted [s] | 1153.2501 |
|      Clock [MHz]     | 3781.0114 |
|          CPI         |    0.8927 |
|    L2 request rate   |    0.1951 |
|     L2 miss rate     |    0.0843 |
|     L2 miss ratio    |    0.4323 |
+----------------------+-----------+

