--------------------------------------------------------------------------------
CPU name:	Intel(R) Core(TM) i5-7500 CPU @ 3.40GHz
CPU type:	Intel Coffeelake processor
CPU clock:	3.41 GHz
--------------------------------------------------------------------------------
matriz 1

tam : 32
iteracoes: 10

iter 1: 7.87400787401181
iter 2: 7.87400787401181
iter 3: 3.08872535501095e-13
iter 4: 2.04960093761355e-14
iter 5: 2.03692541568534e-14
iter 6: 2.14727250059603e-14
iter 7: 2.13267423932272e-14
iter 8: 2.06383054137585e-14
iter 9: 1.92766857737455e-14
iter 10: 2.06044106584975e-14

LU_tempo: 0.0776350498199463
iter_tempo: 1053.16513109207
residuo_tempo: 5.1221786737442

--------------------------------------------------------------------------------
Region teste_fatoracaoLU_32, Group 1: L2CACHE
+-------------------+----------+
|    Region Info    |  Core 1  |
+-------------------+----------+
| RDTSC Runtime [s] | 0.000537 |
|     call count    |        1 |
+-------------------+----------+

+-----------------------+---------+---------+
|         Event         | Counter |  Core 1 |
+-----------------------+---------+---------+
|   INSTR_RETIRED_ANY   |  FIXC0  | 1282663 |
| CPU_CLK_UNHALTED_CORE |  FIXC1  |  421610 |
|  CPU_CLK_UNHALTED_REF |  FIXC2  | 1800702 |
| L2_TRANS_ALL_REQUESTS |   PMC0  |    8834 |
|     L2_RQSTS_MISS     |   PMC1  |    1512 |
+-----------------------+---------+---------+

+----------------------+----------+
|        Metric        |  Core 1  |
+----------------------+----------+
|  Runtime (RDTSC) [s] |   0.0005 |
| Runtime unhalted [s] |   0.0001 |
|      Clock [MHz]     | 797.9191 |
|          CPI         |   0.3287 |
|    L2 request rate   |   0.0069 |
|     L2 miss rate     |   0.0012 |
|     L2 miss ratio    |   0.1712 |
+----------------------+----------+

Region teste_residuo_32, Group 1: L2CACHE
+-------------------+----------+
|    Region Info    |  Core 1  |
+-------------------+----------+
| RDTSC Runtime [s] | 0.005129 |
|     call count    |       11 |
+-------------------+----------+

+-----------------------+---------+----------+
|         Event         | Counter |  Core 1  |
+-----------------------+---------+----------+
|   INSTR_RETIRED_ANY   |  FIXC0  | 18735970 |
| CPU_CLK_UNHALTED_CORE |  FIXC1  |  5193068 |
|  CPU_CLK_UNHALTED_REF |  FIXC2  | 17311220 |
| L2_TRANS_ALL_REQUESTS |   PMC0  |    74132 |
|     L2_RQSTS_MISS     |   PMC1  |    17068 |
+-----------------------+---------+----------+

+----------------------+-----------+
|        Metric        |   Core 1  |
+----------------------+-----------+
|  Runtime (RDTSC) [s] |    0.0051 |
| Runtime unhalted [s] |    0.0015 |
|      Clock [MHz]     | 1022.3183 |
|          CPI         |    0.2772 |
|    L2 request rate   |    0.0040 |
|     L2 miss rate     |    0.0009 |
|     L2 miss ratio    |    0.2302 |
+----------------------+-----------+

