--------------------------------------------------------------------------------
CPU name:	Intel(R) Core(TM) i5-7500 CPU @ 3.40GHz
CPU type:	Intel Coffeelake processor
CPU clock:	3.41 GHz
--------------------------------------------------------------------------------
matriz 1

tam : 129
iteracoes: 10

iter 1: 16
iter 2: 16
iter 3: 4.14872807949672e-13
iter 4: 1.05077776197137e-13
iter 5: 1.04005970324237e-13
iter 6: 1.02595764554899e-13
iter 7: 1.03580850018435e-13
iter 8: 1.05039874911105e-13
iter 9: 1.02678694173791e-13
iter 10: 1.03650434701921e-13

LU_tempo: 2.21105098724365
iter_tempo: 1072.8158479929
residuo_tempo: 100.061298727989

--------------------------------------------------------------------------------
Region teste_fatoracaoLU_129, Group 1: L2CACHE
+-------------------+----------+
|    Region Info    |  Core 1  |
+-------------------+----------+
| RDTSC Runtime [s] | 0.017571 |
|     call count    |        1 |
+-------------------+----------+

+-----------------------+---------+----------+
|         Event         | Counter |  Core 1  |
+-----------------------+---------+----------+
|   INSTR_RETIRED_ANY   |  FIXC0  | 77244860 |
| CPU_CLK_UNHALTED_CORE |  FIXC1  | 23855830 |
|  CPU_CLK_UNHALTED_REF |  FIXC2  | 58172860 |
| L2_TRANS_ALL_REQUESTS |   PMC0  |  1557253 |
|     L2_RQSTS_MISS     |   PMC1  |   475937 |
+-----------------------+---------+----------+

+----------------------+-----------+
|        Metric        |   Core 1  |
+----------------------+-----------+
|  Runtime (RDTSC) [s] |    0.0176 |
| Runtime unhalted [s] |    0.0070 |
|      Clock [MHz]     | 1397.5397 |
|          CPI         |    0.3088 |
|    L2 request rate   |    0.0202 |
|     L2 miss rate     |    0.0062 |
|     L2 miss ratio    |    0.3056 |
+----------------------+-----------+

Region teste_residuo_129, Group 1: L2CACHE
+-------------------+----------+
|    Region Info    |  Core 1  |
+-------------------+----------+
| RDTSC Runtime [s] | 0.100064 |
|     call count    |       11 |
+-------------------+----------+

+-----------------------+---------+------------+
|         Event         | Counter |   Core 1   |
+-----------------------+---------+------------+
|   INSTR_RETIRED_ANY   |  FIXC0  | 1191547000 |
| CPU_CLK_UNHALTED_CORE |  FIXC1  |  376876300 |
|  CPU_CLK_UNHALTED_REF |  FIXC2  |  338846600 |
| L2_TRANS_ALL_REQUESTS |   PMC0  |    6252052 |
|     L2_RQSTS_MISS     |   PMC1  |    1223647 |
+-----------------------+---------+------------+

+----------------------+-----------+
|        Metric        |   Core 1  |
+----------------------+-----------+
|  Runtime (RDTSC) [s] |    0.1001 |
| Runtime unhalted [s] |    0.1106 |
|      Clock [MHz]     | 3790.4060 |
|          CPI         |    0.3163 |
|    L2 request rate   |    0.0052 |
|     L2 miss rate     |    0.0010 |
|     L2 miss ratio    |    0.1957 |
+----------------------+-----------+

