--------------------------------------------------------------------------------
CPU name:	Intel(R) Core(TM) i5-7500 CPU @ 3.40GHz
CPU type:	Intel Coffeelake processor
CPU clock:	3.41 GHz
--------------------------------------------------------------------------------
matriz 1

tam : 1000
iteracoes: 10

iter 1: 44.698993277254
iter 2: 44.698993277254
iter 3: 1.28493268872978e-10
iter 4: 1.10644206428314e-11
iter 5: 1.10756919431565e-11
iter 6: 1.10566677466384e-11
iter 7: 1.10516443820759e-11
iter 8: 1.10363246855038e-11
iter 9: 1.10581831550599e-11
iter 10: 1.10496367664549e-11

LU_tempo: 942.083244919777
iter_tempo: 3809.94536602497
residuo_tempo: 73269.1302899122

--------------------------------------------------------------------------------
Region teste_fatoracaoLU_1000, Group 1: L2CACHE
+-------------------+----------+
|    Region Info    |  Core 1  |
+-------------------+----------+
| RDTSC Runtime [s] | 2.757015 |
|     call count    |        1 |
+-------------------+----------+

+-----------------------+---------+-------------+
|         Event         | Counter |    Core 1   |
+-----------------------+---------+-------------+
|   INSTR_RETIRED_ANY   |  FIXC0  | 35126080000 |
| CPU_CLK_UNHALTED_CORE |  FIXC1  | 10302750000 |
|  CPU_CLK_UNHALTED_REF |  FIXC2  |  9327604000 |
| L2_TRANS_ALL_REQUESTS |   PMC0  |   601690100 |
|     L2_RQSTS_MISS     |   PMC1  |   198304400 |
+-----------------------+---------+-------------+

+----------------------+-----------+
|        Metric        |   Core 1  |
+----------------------+-----------+
|  Runtime (RDTSC) [s] |    2.7570 |
| Runtime unhalted [s] |    3.0231 |
|      Clock [MHz]     | 3764.2424 |
|          CPI         |    0.2933 |
|    L2 request rate   |    0.0171 |
|     L2 miss rate     |    0.0056 |
|     L2 miss ratio    |    0.3296 |
+----------------------+-----------+

Region teste_residuo_1000, Group 1: L2CACHE
+-------------------+-----------+
|    Region Info    |   Core 1  |
+-------------------+-----------+
| RDTSC Runtime [s] | 73.269390 |
|     call count    |        11 |
+-------------------+-----------+

+-----------------------+---------+--------------+
|         Event         | Counter |    Core 1    |
+-----------------------+---------+--------------+
|   INSTR_RETIRED_ANY   |  FIXC0  | 550649300000 |
| CPU_CLK_UNHALTED_CORE |  FIXC1  | 275967500000 |
|  CPU_CLK_UNHALTED_REF |  FIXC2  | 248220900000 |
| L2_TRANS_ALL_REQUESTS |   PMC0  |  20950860000 |
|     L2_RQSTS_MISS     |   PMC1  |   2854433000 |
+-----------------------+---------+--------------+

+----------------------+-----------+
|        Metric        |   Core 1  |
+----------------------+-----------+
|  Runtime (RDTSC) [s] |   73.2694 |
| Runtime unhalted [s] |   80.9773 |
|      Clock [MHz]     | 3788.9084 |
|          CPI         |    0.5012 |
|    L2 request rate   |    0.0380 |
|     L2 miss rate     |    0.0052 |
|     L2 miss ratio    |    0.1362 |
+----------------------+-----------+

