--------------------------------------------------------------------------------
CPU name:	Intel(R) Core(TM) i5-7500 CPU @ 3.40GHz
CPU type:	Intel Coffeelake processor
CPU clock:	3.41 GHz
--------------------------------------------------------------------------------
matriz 1

tam : 128
iteracoes: 10

iter 1: 15.9373774505092
iter 2: 15.9373774505092
iter 3: 1.03146816149915e-12
iter 4: 2.07393742378964e-13
iter 5: 2.04841499641866e-13
iter 6: 2.10061945887957e-13
iter 7: 2.14678933300028e-13
iter 8: 2.06237133720541e-13
iter 9: 2.04966162324675e-13
iter 10: 2.09596048496126e-13

LU_tempo: 2.21078097820282
iter_tempo: 1077.75531101227
residuo_tempo: 103.779158949852

--------------------------------------------------------------------------------
Region teste_fatoracaoLU_128, Group 1: L2CACHE
+-------------------+----------+
|    Region Info    |  Core 1  |
+-------------------+----------+
| RDTSC Runtime [s] | 0.021919 |
|     call count    |        1 |
+-------------------+----------+

+-----------------------+---------+----------+
|         Event         | Counter |  Core 1  |
+-----------------------+---------+----------+
|   INSTR_RETIRED_ANY   |  FIXC0  | 75478610 |
| CPU_CLK_UNHALTED_CORE |  FIXC1  | 22979400 |
|  CPU_CLK_UNHALTED_REF |  FIXC2  | 72943130 |
| L2_TRANS_ALL_REQUESTS |   PMC0  |  1328252 |
|     L2_RQSTS_MISS     |   PMC1  |   427432 |
+-----------------------+---------+----------+

+----------------------+-----------+
|        Metric        |   Core 1  |
+----------------------+-----------+
|  Runtime (RDTSC) [s] |    0.0219 |
| Runtime unhalted [s] |    0.0067 |
|      Clock [MHz]     | 1073.6167 |
|          CPI         |    0.3044 |
|    L2 request rate   |    0.0176 |
|     L2 miss rate     |    0.0057 |
|     L2 miss ratio    |    0.3218 |
+----------------------+-----------+

Region teste_residuo_128, Group 1: L2CACHE
+-------------------+----------+
|    Region Info    |  Core 1  |
+-------------------+----------+
| RDTSC Runtime [s] | 0.103782 |
|     call count    |       11 |
+-------------------+----------+

+-----------------------+---------+------------+
|         Event         | Counter |   Core 1   |
+-----------------------+---------+------------+
|   INSTR_RETIRED_ANY   |  FIXC0  | 1164135000 |
| CPU_CLK_UNHALTED_CORE |  FIXC1  |  368185300 |
|  CPU_CLK_UNHALTED_REF |  FIXC2  |  352282500 |
| L2_TRANS_ALL_REQUESTS |   PMC0  |    5783836 |
|     L2_RQSTS_MISS     |   PMC1  |     945318 |
+-----------------------+---------+------------+

+----------------------+-----------+
|        Metric        |   Core 1  |
+----------------------+-----------+
|  Runtime (RDTSC) [s] |    0.1038 |
| Runtime unhalted [s] |    0.1080 |
|      Clock [MHz]     | 3561.8065 |
|          CPI         |    0.3163 |
|    L2 request rate   |    0.0050 |
|     L2 miss rate     |    0.0008 |
|     L2 miss ratio    |    0.1634 |
+----------------------+-----------+

