--------------------------------------------------------------------------------
CPU name:	Intel(R) Core(TM) i5-7500 CPU @ 3.40GHz
CPU type:	Intel Coffeelake processor
CPU clock:	3.41 GHz
--------------------------------------------------------------------------------
matriz 1

tam : 256
iteracoes: 10

iter 1: 22.4499443206437
iter 2: 22.4499443206437
iter 3: 3.28906166556499e-12
iter 4: 4.87463244103061e-13
iter 5: 4.87468012801789e-13
iter 6: 4.89545196481904e-13
iter 7: 4.8602067807942e-13
iter 8: 4.85395199693998e-13
iter 9: 4.90451363658666e-13
iter 10: 4.92857856779395e-13

LU_tempo: 18.9631229639053
iter_tempo: 1119.40312099457
residuo_tempo: 835.834472060204

--------------------------------------------------------------------------------
Region teste_fatoracaoLU_256, Group 1: L2CACHE
+-------------------+----------+
|    Region Info    |  Core 1  |
+-------------------+----------+
| RDTSC Runtime [s] | 0.067335 |
|     call count    |        1 |
+-------------------+----------+

+-----------------------+---------+-----------+
|         Event         | Counter |   Core 1  |
+-----------------------+---------+-----------+
|   INSTR_RETIRED_ANY   |  FIXC0  | 595483700 |
| CPU_CLK_UNHALTED_CORE |  FIXC1  | 176871900 |
|  CPU_CLK_UNHALTED_REF |  FIXC2  | 225837800 |
| L2_TRANS_ALL_REQUESTS |   PMC0  |  11778760 |
|     L2_RQSTS_MISS     |   PMC1  |   4649815 |
+-----------------------+---------+-----------+

+----------------------+-----------+
|        Metric        |   Core 1  |
+----------------------+-----------+
|  Runtime (RDTSC) [s] |    0.0673 |
| Runtime unhalted [s] |    0.0519 |
|      Clock [MHz]     | 2669.0533 |
|          CPI         |    0.2970 |
|    L2 request rate   |    0.0198 |
|     L2 miss rate     |    0.0078 |
|     L2 miss ratio    |    0.3948 |
+----------------------+-----------+

Region teste_residuo_256, Group 1: L2CACHE
+-------------------+----------+
|    Region Info    |  Core 1  |
+-------------------+----------+
| RDTSC Runtime [s] | 0.836106 |
|     call count    |       11 |
+-------------------+----------+

+-----------------------+---------+------------+
|         Event         | Counter |   Core 1   |
+-----------------------+---------+------------+
|   INSTR_RETIRED_ANY   |  FIXC0  | 9270095000 |
| CPU_CLK_UNHALTED_CORE |  FIXC1  | 3153104000 |
|  CPU_CLK_UNHALTED_REF |  FIXC2  | 2834962000 |
| L2_TRANS_ALL_REQUESTS |   PMC0  |   67961890 |
|     L2_RQSTS_MISS     |   PMC1  |   23204680 |
+-----------------------+---------+------------+

+----------------------+-----------+
|        Metric        |   Core 1  |
+----------------------+-----------+
|  Runtime (RDTSC) [s] |    0.8361 |
| Runtime unhalted [s] |    0.9252 |
|      Clock [MHz]     | 3790.4092 |
|          CPI         |    0.3401 |
|    L2 request rate   |    0.0073 |
|     L2 miss rate     |    0.0025 |
|     L2 miss ratio    |    0.3414 |
+----------------------+-----------+

