--------------------------------------------------------------------------------
CPU name:	Intel(R) Core(TM) i5-7500 CPU @ 3.40GHz
CPU type:	Intel Coffeelake processor
CPU clock:	3.41 GHz
--------------------------------------------------------------------------------
matriz 1

tam : 512
iteracoes: 10

iter 1: 32
iter 2: 32
iter 3: 8.18355103931603e-12
iter 4: 5.26269983458729e-13
iter 5: 5.23033186481397e-13
iter 6: 5.24900994389688e-13
iter 7: 5.23084143633995e-13
iter 8: 5.21306739012077e-13
iter 9: 5.24106992133209e-13
iter 10: 5.24643863637956e-13

LU_tempo: 129.005681991577
iter_tempo: 1432.20847904682
residuo_tempo: 7148.24609923363

--------------------------------------------------------------------------------
Region teste_fatoracaoLU_512, Group 1: L2CACHE
+-------------------+----------+
|    Region Info    |  Core 1  |
+-------------------+----------+
| RDTSC Runtime [s] | 0.379671 |
|     call count    |        1 |
+-------------------+----------+

+-----------------------+---------+------------+
|         Event         | Counter |   Core 1   |
+-----------------------+---------+------------+
|   INSTR_RETIRED_ANY   |  FIXC0  | 4730712000 |
| CPU_CLK_UNHALTED_CORE |  FIXC1  | 1357649000 |
|  CPU_CLK_UNHALTED_REF |  FIXC2  | 1280793000 |
| L2_TRANS_ALL_REQUESTS |   PMC0  |   76179450 |
|     L2_RQSTS_MISS     |   PMC1  |   29645220 |
+-----------------------+---------+------------+

+----------------------+-----------+
|        Metric        |   Core 1  |
+----------------------+-----------+
|  Runtime (RDTSC) [s] |    0.3797 |
| Runtime unhalted [s] |    0.3984 |
|      Clock [MHz]     | 3612.4368 |
|          CPI         |    0.2870 |
|    L2 request rate   |    0.0161 |
|     L2 miss rate     |    0.0063 |
|     L2 miss ratio    |    0.3891 |
+----------------------+-----------+

Region teste_residuo_512, Group 1: L2CACHE
+-------------------+----------+
|    Region Info    |  Core 1  |
+-------------------+----------+
| RDTSC Runtime [s] | 7.148337 |
|     call count    |       11 |
+-------------------+----------+

+-----------------------+---------+-------------+
|         Event         | Counter |    Core 1   |
+-----------------------+---------+-------------+
|   INSTR_RETIRED_ANY   |  FIXC0  | 73990030000 |
| CPU_CLK_UNHALTED_CORE |  FIXC1  | 26955100000 |
|  CPU_CLK_UNHALTED_REF |  FIXC2  | 24236460000 |
| L2_TRANS_ALL_REQUESTS |   PMC0  |  2144188000 |
|     L2_RQSTS_MISS     |   PMC1  |   209781300 |
+-----------------------+---------+-------------+

+----------------------+-----------+
|        Metric        |   Core 1  |
+----------------------+-----------+
|  Runtime (RDTSC) [s] |    7.1483 |
| Runtime unhalted [s] |    7.9095 |
|      Clock [MHz]     | 3790.2116 |
|          CPI         |    0.3643 |
|    L2 request rate   |    0.0290 |
|     L2 miss rate     |    0.0028 |
|     L2 miss ratio    |    0.0978 |
+----------------------+-----------+

