--------------------------------------------------------------------------------
CPU name:	Intel(R) Core(TM) i5-7500 CPU @ 3.40GHz
CPU type:	Intel Coffeelake processor
CPU clock:	3.41 GHz
--------------------------------------------------------------------------------
matriz 1

tam : 65
iteracoes: 10

iter 1: 11.4017542509914
iter 2: 11.4017542509914
iter 3: 1.132770905956e-13
iter 4: 3.82293322927655e-14
iter 5: 3.74235966130903e-14
iter 6: 3.80695585500805e-14
iter 7: 3.8266967044219e-14
iter 8: 3.80156353249809e-14
iter 9: 3.80555048254138e-14
iter 10: 3.82509020860603e-14

LU_tempo: 0.467740058898926
iter_tempo: 1056.69730293751
residuo_tempo: 24.4052720069885

--------------------------------------------------------------------------------
Region teste_fatoracaoLU_65, Group 1: L2CACHE
+-------------------+----------+
|    Region Info    |  Core 1  |
+-------------------+----------+
| RDTSC Runtime [s] | 0.003899 |
|     call count    |        1 |
+-------------------+----------+

+-----------------------+---------+----------+
|         Event         | Counter |  Core 1  |
+-----------------------+---------+----------+
|   INSTR_RETIRED_ANY   |  FIXC0  | 10153420 |
| CPU_CLK_UNHALTED_CORE |  FIXC1  |  3118950 |
|  CPU_CLK_UNHALTED_REF |  FIXC2  | 12896440 |
| L2_TRANS_ALL_REQUESTS |   PMC0  |   139396 |
|     L2_RQSTS_MISS     |   PMC1  |    13432 |
+-----------------------+---------+----------+

+----------------------+----------+
|        Metric        |  Core 1  |
+----------------------+----------+
|  Runtime (RDTSC) [s] |   0.0039 |
| Runtime unhalted [s] |   0.0009 |
|      Clock [MHz]     | 824.1952 |
|          CPI         |   0.3072 |
|    L2 request rate   |   0.0137 |
|     L2 miss rate     |   0.0013 |
|     L2 miss ratio    |   0.0964 |
+----------------------+----------+

Region teste_residuo_65, Group 1: L2CACHE
+-------------------+----------+
|    Region Info    |  Core 1  |
+-------------------+----------+
| RDTSC Runtime [s] | 0.024410 |
|     call count    |       11 |
+-------------------+----------+

+-----------------------+---------+-----------+
|         Event         | Counter |   Core 1  |
+-----------------------+---------+-----------+
|   INSTR_RETIRED_ANY   |  FIXC0  | 153841200 |
| CPU_CLK_UNHALTED_CORE |  FIXC1  |  42400450 |
|  CPU_CLK_UNHALTED_REF |  FIXC2  |  82381870 |
| L2_TRANS_ALL_REQUESTS |   PMC0  |   1229044 |
|     L2_RQSTS_MISS     |   PMC1  |    108138 |
+-----------------------+---------+-----------+

+----------------------+-----------+
|        Metric        |   Core 1  |
+----------------------+-----------+
|  Runtime (RDTSC) [s] |    0.0244 |
| Runtime unhalted [s] |    0.0124 |
|      Clock [MHz]     | 1754.0029 |
|          CPI         |    0.2756 |
|    L2 request rate   |    0.0080 |
|     L2 miss rate     |    0.0007 |
|     L2 miss ratio    |    0.0880 |
+----------------------+-----------+

