--------------------------------------------------------------------------------
CPU name:	Intel(R) Core(TM) i5-7500 CPU @ 3.40GHz
CPU type:	Intel Coffeelake processor
CPU clock:	3.41 GHz
--------------------------------------------------------------------------------
matriz 1

tam : 32
iteracoes: 10

iter 1: 7.87400787401181
iter 2: 7.87400787401181
iter 3: 3.08872535501095e-13
iter 4: 2.04960093761355e-14
iter 5: 2.03692541568534e-14
iter 6: 2.14727250059603e-14
iter 7: 2.13267423932272e-14
iter 8: 2.06383054137585e-14
iter 9: 1.92766857737455e-14
iter 10: 2.06044106584975e-14

LU_tempo: 0.0616500377655029
iter_tempo: 1052.92819297314
residuo_tempo: 5.23627912998199

--------------------------------------------------------------------------------
Region teste_fatoracaoLU_32, Group 1: L2CACHE
+-------------------+----------+
|    Region Info    |  Core 1  |
+-------------------+----------+
| RDTSC Runtime [s] | 0.000482 |
|     call count    |        1 |
+-------------------+----------+

+-----------------------+---------+---------+
|         Event         | Counter |  Core 1 |
+-----------------------+---------+---------+
|   INSTR_RETIRED_ANY   |  FIXC0  | 1282655 |
| CPU_CLK_UNHALTED_CORE |  FIXC1  |  425953 |
|  CPU_CLK_UNHALTED_REF |  FIXC2  | 1616528 |
| L2_TRANS_ALL_REQUESTS |   PMC0  |    8498 |
|     L2_RQSTS_MISS     |   PMC1  |    1482 |
+-----------------------+---------+---------+

+----------------------+----------+
|        Metric        |  Core 1  |
+----------------------+----------+
|  Runtime (RDTSC) [s] |   0.0005 |
| Runtime unhalted [s] |   0.0001 |
|      Clock [MHz]     | 897.9793 |
|          CPI         |   0.3321 |
|    L2 request rate   |   0.0066 |
|     L2 miss rate     |   0.0012 |
|     L2 miss ratio    |   0.1744 |
+----------------------+----------+

Region teste_residuo_32, Group 1: L2CACHE
+-------------------+----------+
|    Region Info    |  Core 1  |
+-------------------+----------+
| RDTSC Runtime [s] | 0.005244 |
|     call count    |       11 |
+-------------------+----------+

+-----------------------+---------+----------+
|         Event         | Counter |  Core 1  |
+-----------------------+---------+----------+
|   INSTR_RETIRED_ANY   |  FIXC0  | 18735970 |
| CPU_CLK_UNHALTED_CORE |  FIXC1  |  5160209 |
|  CPU_CLK_UNHALTED_REF |  FIXC2  | 18086110 |
| L2_TRANS_ALL_REQUESTS |   PMC0  |    65730 |
|     L2_RQSTS_MISS     |   PMC1  |    14687 |
+-----------------------+---------+----------+

+----------------------+----------+
|        Metric        |  Core 1  |
+----------------------+----------+
|  Runtime (RDTSC) [s] |   0.0052 |
| Runtime unhalted [s] |   0.0015 |
|      Clock [MHz]     | 972.3218 |
|          CPI         |   0.2754 |
|    L2 request rate   |   0.0035 |
|     L2 miss rate     |   0.0008 |
|     L2 miss ratio    |   0.2234 |
+----------------------+----------+

--------------------------------------------------------------------------------
CPU name:	Intel(R) Core(TM) i5-7500 CPU @ 3.40GHz
CPU type:	Intel Coffeelake processor
CPU clock:	3.41 GHz
--------------------------------------------------------------------------------
matriz 1

tam : 33
iteracoes: 10

iter 1: 8.12403840463597
iter 2: 8.12403840463597
iter 3: 2.87177553876034e-13
iter 4: 5.17003140239408e-14
iter 5: 5.01904792147694e-14
iter 6: 4.77991726620365e-14
iter 7: 5.16178761917171e-14
iter 8: 5.05105443921872e-14
iter 9: 5.11077057917207e-14
iter 10: 5.22050863837209e-14

LU_tempo: 0.0611300468444824
iter_tempo: 1055.89512205124
residuo_tempo: 6.02691280841827

--------------------------------------------------------------------------------
Region teste_fatoracaoLU_33, Group 1: L2CACHE
+-------------------+----------+
|    Region Info    |  Core 1  |
+-------------------+----------+
| RDTSC Runtime [s] | 0.000586 |
|     call count    |        1 |
+-------------------+----------+

+-----------------------+---------+---------+
|         Event         | Counter |  Core 1 |
+-----------------------+---------+---------+
|   INSTR_RETIRED_ANY   |  FIXC0  | 1401834 |
| CPU_CLK_UNHALTED_CORE |  FIXC1  |  458419 |
|  CPU_CLK_UNHALTED_REF |  FIXC2  | 1957470 |
| L2_TRANS_ALL_REQUESTS |   PMC0  |   11370 |
|     L2_RQSTS_MISS     |   PMC1  |    1639 |
+-----------------------+---------+---------+

+----------------------+----------+
|        Metric        |  Core 1  |
+----------------------+----------+
|  Runtime (RDTSC) [s] |   0.0006 |
| Runtime unhalted [s] |   0.0001 |
|      Clock [MHz]     | 798.1063 |
|          CPI         |   0.3270 |
|    L2 request rate   |   0.0081 |
|     L2 miss rate     |   0.0012 |
|     L2 miss ratio    |   0.1442 |
+----------------------+----------+

Region teste_residuo_33, Group 1: L2CACHE
+-------------------+----------+
|    Region Info    |  Core 1  |
+-------------------+----------+
| RDTSC Runtime [s] | 0.006037 |
|     call count    |       11 |
+-------------------+----------+

+-----------------------+---------+----------+
|         Event         | Counter |  Core 1  |
+-----------------------+---------+----------+
|   INSTR_RETIRED_ANY   |  FIXC0  | 20521410 |
| CPU_CLK_UNHALTED_CORE |  FIXC1  |  5959037 |
|  CPU_CLK_UNHALTED_REF |  FIXC2  | 20713820 |
| L2_TRANS_ALL_REQUESTS |   PMC0  |    82547 |
|     L2_RQSTS_MISS     |   PMC1  |    17298 |
+-----------------------+---------+----------+

+----------------------+----------+
|        Metric        |  Core 1  |
+----------------------+----------+
|  Runtime (RDTSC) [s] |   0.0060 |
| Runtime unhalted [s] |   0.0017 |
|      Clock [MHz]     | 980.4132 |
|          CPI         |   0.2904 |
|    L2 request rate   |   0.0040 |
|     L2 miss rate     |   0.0008 |
|     L2 miss ratio    |   0.2096 |
+----------------------+----------+

--------------------------------------------------------------------------------
CPU name:	Intel(R) Core(TM) i5-7500 CPU @ 3.40GHz
CPU type:	Intel Coffeelake processor
CPU clock:	3.41 GHz
--------------------------------------------------------------------------------
matriz 1

tam : 64
iteracoes: 10

iter 1: 11.3137084989848
iter 2: 11.3137084989848
iter 3: 1.99559134064116e-12
iter 4: 5.94657204053199e-13
iter 5: 6.13223157278124e-13
iter 6: 5.89258231261579e-13
iter 7: 5.945082311191e-13
iter 8: 6.10796374364997e-13
iter 9: 6.03802733857367e-13
iter 10: 6.1897336951794e-13

LU_tempo: 0.382605075836182
iter_tempo: 1041.25844299793
residuo_tempo: 16.8318619728088

--------------------------------------------------------------------------------
Region teste_fatoracaoLU_64, Group 1: L2CACHE
+-------------------+----------+
|    Region Info    |  Core 1  |
+-------------------+----------+
| RDTSC Runtime [s] | 0.001335 |
|     call count    |        1 |
+-------------------+----------+

+-----------------------+---------+---------+
|         Event         | Counter |  Core 1 |
+-----------------------+---------+---------+
|   INSTR_RETIRED_ANY   |  FIXC0  | 9700254 |
| CPU_CLK_UNHALTED_CORE |  FIXC1  | 3001495 |
|  CPU_CLK_UNHALTED_REF |  FIXC2  | 4457664 |
| L2_TRANS_ALL_REQUESTS |   PMC0  |  139437 |
|     L2_RQSTS_MISS     |   PMC1  |   18279 |
+-----------------------+---------+---------+

+----------------------+-----------+
|        Metric        |   Core 1  |
+----------------------+-----------+
|  Runtime (RDTSC) [s] |    0.0013 |
| Runtime unhalted [s] |    0.0009 |
|      Clock [MHz]     | 2294.6830 |
|          CPI         |    0.3094 |
|    L2 request rate   |    0.0144 |
|     L2 miss rate     |    0.0019 |
|     L2 miss ratio    |    0.1311 |
+----------------------+-----------+

Region teste_residuo_64, Group 1: L2CACHE
+-------------------+----------+
|    Region Info    |  Core 1  |
+-------------------+----------+
| RDTSC Runtime [s] | 0.016835 |
|     call count    |       11 |
+-------------------+----------+

+-----------------------+---------+-----------+
|         Event         | Counter |   Core 1  |
+-----------------------+---------+-----------+
|   INSTR_RETIRED_ANY   |  FIXC0  | 146892700 |
| CPU_CLK_UNHALTED_CORE |  FIXC1  |  40808840 |
|  CPU_CLK_UNHALTED_REF |  FIXC2  |  57307650 |
| L2_TRANS_ALL_REQUESTS |   PMC0  |   1169787 |
|     L2_RQSTS_MISS     |   PMC1  |    113546 |
+-----------------------+---------+-----------+

+----------------------+-----------+
|        Metric        |   Core 1  |
+----------------------+-----------+
|  Runtime (RDTSC) [s] |    0.0168 |
| Runtime unhalted [s] |    0.0120 |
|      Clock [MHz]     | 2426.8004 |
|          CPI         |    0.2778 |
|    L2 request rate   |    0.0080 |
|     L2 miss rate     |    0.0008 |
|     L2 miss ratio    |    0.0971 |
+----------------------+-----------+

--------------------------------------------------------------------------------
CPU name:	Intel(R) Core(TM) i5-7500 CPU @ 3.40GHz
CPU type:	Intel Coffeelake processor
CPU clock:	3.41 GHz
--------------------------------------------------------------------------------
matriz 1

tam : 65
iteracoes: 10

iter 1: 11.4017542509914
iter 2: 11.4017542509914
iter 3: 1.132770905956e-13
iter 4: 3.82293322927655e-14
iter 5: 3.74235966130903e-14
iter 6: 3.80695585500805e-14
iter 7: 3.8266967044219e-14
iter 8: 3.80156353249809e-14
iter 9: 3.80555048254138e-14
iter 10: 3.82509020860603e-14

LU_tempo: 0.305111050605774
iter_tempo: 1050.89757597446
residuo_tempo: 11.325504899025

--------------------------------------------------------------------------------
Region teste_fatoracaoLU_65, Group 1: L2CACHE
+-------------------+----------+
|    Region Info    |  Core 1  |
+-------------------+----------+
| RDTSC Runtime [s] | 0.000861 |
|     call count    |        1 |
+-------------------+----------+

+-----------------------+---------+----------+
|         Event         | Counter |  Core 1  |
+-----------------------+---------+----------+
|   INSTR_RETIRED_ANY   |  FIXC0  | 10153420 |
| CPU_CLK_UNHALTED_CORE |  FIXC1  |  3156252 |
|  CPU_CLK_UNHALTED_REF |  FIXC2  |  2837870 |
| L2_TRANS_ALL_REQUESTS |   PMC0  |   135802 |
|     L2_RQSTS_MISS     |   PMC1  |    15465 |
+-----------------------+---------+----------+

+----------------------+-----------+
|        Metric        |   Core 1  |
+----------------------+-----------+
|  Runtime (RDTSC) [s] |    0.0009 |
| Runtime unhalted [s] |    0.0009 |
|      Clock [MHz]     | 3790.3033 |
|          CPI         |    0.3109 |
|    L2 request rate   |    0.0134 |
|     L2 miss rate     |    0.0015 |
|     L2 miss ratio    |    0.1139 |
+----------------------+-----------+

Region teste_residuo_65, Group 1: L2CACHE
+-------------------+----------+
|    Region Info    |  Core 1  |
+-------------------+----------+
| RDTSC Runtime [s] | 0.011328 |
|     call count    |       11 |
+-------------------+----------+

+-----------------------+---------+-----------+
|         Event         | Counter |   Core 1  |
+-----------------------+---------+-----------+
|   INSTR_RETIRED_ANY   |  FIXC0  | 153841200 |
| CPU_CLK_UNHALTED_CORE |  FIXC1  |  42372560 |
|  CPU_CLK_UNHALTED_REF |  FIXC2  |  38546750 |
| L2_TRANS_ALL_REQUESTS |   PMC0  |   1144024 |
|     L2_RQSTS_MISS     |   PMC1  |     76082 |
+-----------------------+---------+-----------+

+----------------------+-----------+
|        Metric        |   Core 1  |
+----------------------+-----------+
|  Runtime (RDTSC) [s] |    0.0113 |
| Runtime unhalted [s] |    0.0124 |
|      Clock [MHz]     | 3746.2066 |
|          CPI         |    0.2754 |
|    L2 request rate   |    0.0074 |
|     L2 miss rate     |    0.0005 |
|     L2 miss ratio    |    0.0665 |
+----------------------+-----------+

--------------------------------------------------------------------------------
CPU name:	Intel(R) Core(TM) i5-7500 CPU @ 3.40GHz
CPU type:	Intel Coffeelake processor
CPU clock:	3.41 GHz
--------------------------------------------------------------------------------
matriz 1

tam : 128
iteracoes: 10

iter 1: 15.9373774505092
iter 2: 15.9373774505092
iter 3: 1.03146816149915e-12
iter 4: 2.07393742378964e-13
iter 5: 2.04841499641866e-13
iter 6: 2.10061945887957e-13
iter 7: 2.14678933300028e-13
iter 8: 2.06237133720541e-13
iter 9: 2.04966162324675e-13
iter 10: 2.09596048496126e-13

LU_tempo: 2.16601610183716
iter_tempo: 1074.86949694157
residuo_tempo: 103.297577142715

--------------------------------------------------------------------------------
Region teste_fatoracaoLU_128, Group 1: L2CACHE
+-------------------+----------+
|    Region Info    |  Core 1  |
+-------------------+----------+
| RDTSC Runtime [s] | 0.019746 |
|     call count    |        1 |
+-------------------+----------+

+-----------------------+---------+----------+
|         Event         | Counter |  Core 1  |
+-----------------------+---------+----------+
|   INSTR_RETIRED_ANY   |  FIXC0  | 75478610 |
| CPU_CLK_UNHALTED_CORE |  FIXC1  | 22983970 |
|  CPU_CLK_UNHALTED_REF |  FIXC2  | 65453340 |
| L2_TRANS_ALL_REQUESTS |   PMC0  |  1313310 |
|     L2_RQSTS_MISS     |   PMC1  |   396525 |
+-----------------------+---------+----------+

+----------------------+-----------+
|        Metric        |   Core 1  |
+----------------------+-----------+
|  Runtime (RDTSC) [s] |    0.0197 |
| Runtime unhalted [s] |    0.0067 |
|      Clock [MHz]     | 1196.6984 |
|          CPI         |    0.3045 |
|    L2 request rate   |    0.0174 |
|     L2 miss rate     |    0.0053 |
|     L2 miss ratio    |    0.3019 |
+----------------------+-----------+

Region teste_residuo_128, Group 1: L2CACHE
+-------------------+----------+
|    Region Info    |  Core 1  |
+-------------------+----------+
| RDTSC Runtime [s] | 0.103301 |
|     call count    |       11 |
+-------------------+----------+

+-----------------------+---------+------------+
|         Event         | Counter |   Core 1   |
+-----------------------+---------+------------+
|   INSTR_RETIRED_ANY   |  FIXC0  | 1164135000 |
| CPU_CLK_UNHALTED_CORE |  FIXC1  |  368231700 |
|  CPU_CLK_UNHALTED_REF |  FIXC2  |  349810200 |
| L2_TRANS_ALL_REQUESTS |   PMC0  |    5981085 |
|     L2_RQSTS_MISS     |   PMC1  |    1074401 |
+-----------------------+---------+------------+

+----------------------+-----------+
|        Metric        |   Core 1  |
+----------------------+-----------+
|  Runtime (RDTSC) [s] |    0.1033 |
| Runtime unhalted [s] |    0.1081 |
|      Clock [MHz]     | 3587.4031 |
|          CPI         |    0.3163 |
|    L2 request rate   |    0.0051 |
|     L2 miss rate     |    0.0009 |
|     L2 miss ratio    |    0.1796 |
+----------------------+-----------+

--------------------------------------------------------------------------------
CPU name:	Intel(R) Core(TM) i5-7500 CPU @ 3.40GHz
CPU type:	Intel Coffeelake processor
CPU clock:	3.41 GHz
--------------------------------------------------------------------------------
matriz 1

tam : 129
iteracoes: 10

iter 1: 16
iter 2: 16
iter 3: 4.14872807949672e-13
iter 4: 1.05077776197137e-13
iter 5: 1.04005970324237e-13
iter 6: 1.02595764554899e-13
iter 7: 1.03580850018435e-13
iter 8: 1.05039874911105e-13
iter 9: 1.02678694173791e-13
iter 10: 1.03650434701921e-13

LU_tempo: 3.66798102855682
iter_tempo: 1078.72460997105
residuo_tempo: 105.766243934631

--------------------------------------------------------------------------------
Region teste_fatoracaoLU_129, Group 1: L2CACHE
+-------------------+----------+
|    Region Info    |  Core 1  |
+-------------------+----------+
| RDTSC Runtime [s] | 0.020676 |
|     call count    |        1 |
+-------------------+----------+

+-----------------------+---------+----------+
|         Event         | Counter |  Core 1  |
+-----------------------+---------+----------+
|   INSTR_RETIRED_ANY   |  FIXC0  | 77244860 |
| CPU_CLK_UNHALTED_CORE |  FIXC1  | 23464910 |
|  CPU_CLK_UNHALTED_REF |  FIXC2  | 68687390 |
| L2_TRANS_ALL_REQUESTS |   PMC0  |  1338157 |
|     L2_RQSTS_MISS     |   PMC1  |   407114 |
+-----------------------+---------+----------+

+----------------------+-----------+
|        Metric        |   Core 1  |
+----------------------+-----------+
|  Runtime (RDTSC) [s] |    0.0207 |
| Runtime unhalted [s] |    0.0069 |
|      Clock [MHz]     | 1163.8493 |
|          CPI         |    0.3038 |
|    L2 request rate   |    0.0173 |
|     L2 miss rate     |    0.0053 |
|     L2 miss ratio    |    0.3042 |
+----------------------+-----------+

Region teste_residuo_129, Group 1: L2CACHE
+-------------------+----------+
|    Region Info    |  Core 1  |
+-------------------+----------+
| RDTSC Runtime [s] | 0.105768 |
|     call count    |       11 |
+-------------------+----------+

+-----------------------+---------+------------+
|         Event         | Counter |   Core 1   |
+-----------------------+---------+------------+
|   INSTR_RETIRED_ANY   |  FIXC0  | 1191547000 |
| CPU_CLK_UNHALTED_CORE |  FIXC1  |  377112200 |
|  CPU_CLK_UNHALTED_REF |  FIXC2  |  358442800 |
| L2_TRANS_ALL_REQUESTS |   PMC0  |    6375898 |
|     L2_RQSTS_MISS     |   PMC1  |    1411438 |
+-----------------------+---------+------------+

+----------------------+-----------+
|        Metric        |   Core 1  |
+----------------------+-----------+
|  Runtime (RDTSC) [s] |    0.1058 |
| Runtime unhalted [s] |    0.1107 |
|      Clock [MHz]     | 3584.3101 |
|          CPI         |    0.3165 |
|    L2 request rate   |    0.0054 |
|     L2 miss rate     |    0.0012 |
|     L2 miss ratio    |    0.2214 |
+----------------------+-----------+

--------------------------------------------------------------------------------
CPU name:	Intel(R) Core(TM) i5-7500 CPU @ 3.40GHz
CPU type:	Intel Coffeelake processor
CPU clock:	3.41 GHz
--------------------------------------------------------------------------------
matriz 1

tam : 256
iteracoes: 10

iter 1: 22.4499443206437
iter 2: 22.4499443206437
iter 3: 3.28906166556499e-12
iter 4: 4.87463244103061e-13
iter 5: 4.87468012801789e-13
iter 6: 4.89545196481904e-13
iter 7: 4.8602067807942e-13
iter 8: 4.85395199693998e-13
iter 9: 4.90451363658666e-13
iter 10: 4.92857856779395e-13

LU_tempo: 18.9915990829468
iter_tempo: 1091.94902801514
residuo_tempo: 840.251865625381

--------------------------------------------------------------------------------
Region teste_fatoracaoLU_256, Group 1: L2CACHE
+-------------------+----------+
|    Region Info    |  Core 1  |
+-------------------+----------+
| RDTSC Runtime [s] | 0.047288 |
|     call count    |        1 |
+-------------------+----------+

+-----------------------+---------+-----------+
|         Event         | Counter |   Core 1  |
+-----------------------+---------+-----------+
|   INSTR_RETIRED_ANY   |  FIXC0  | 595483700 |
| CPU_CLK_UNHALTED_CORE |  FIXC1  | 175778600 |
|  CPU_CLK_UNHALTED_REF |  FIXC2  | 158053100 |
| L2_TRANS_ALL_REQUESTS |   PMC0  |  11808440 |
|     L2_RQSTS_MISS     |   PMC1  |   4649260 |
+-----------------------+---------+-----------+

+----------------------+-----------+
|        Metric        |   Core 1  |
+----------------------+-----------+
|  Runtime (RDTSC) [s] |    0.0473 |
| Runtime unhalted [s] |    0.0516 |
|      Clock [MHz]     | 3790.1627 |
|          CPI         |    0.2952 |
|    L2 request rate   |    0.0198 |
|     L2 miss rate     |    0.0078 |
|     L2 miss ratio    |    0.3937 |
+----------------------+-----------+

Region teste_residuo_256, Group 1: L2CACHE
+-------------------+----------+
|    Region Info    |  Core 1  |
+-------------------+----------+
| RDTSC Runtime [s] | 0.840254 |
|     call count    |       11 |
+-------------------+----------+

+-----------------------+---------+------------+
|         Event         | Counter |   Core 1   |
+-----------------------+---------+------------+
|   INSTR_RETIRED_ANY   |  FIXC0  | 9270095000 |
| CPU_CLK_UNHALTED_CORE |  FIXC1  | 3171409000 |
|  CPU_CLK_UNHALTED_REF |  FIXC2  | 2851236000 |
| L2_TRANS_ALL_REQUESTS |   PMC0  |   70354710 |
|     L2_RQSTS_MISS     |   PMC1  |   24167780 |
+-----------------------+---------+------------+

+----------------------+-----------+
|        Metric        |   Core 1  |
+----------------------+-----------+
|  Runtime (RDTSC) [s] |    0.8403 |
| Runtime unhalted [s] |    0.9306 |
|      Clock [MHz]     | 3790.6524 |
|          CPI         |    0.3421 |
|    L2 request rate   |    0.0076 |
|     L2 miss rate     |    0.0026 |
|     L2 miss ratio    |    0.3435 |
+----------------------+-----------+

--------------------------------------------------------------------------------
CPU name:	Intel(R) Core(TM) i5-7500 CPU @ 3.40GHz
CPU type:	Intel Coffeelake processor
CPU clock:	3.41 GHz
--------------------------------------------------------------------------------
matriz 1

tam : 257
iteracoes: 10

iter 1: 22.6715680975093
iter 2: 22.6715680975093
iter 3: 1.83175334896599e-12
iter 4: 3.09965978913707e-13
iter 5: 3.06790616803033e-13
iter 6: 3.06873203123891e-13
iter 7: 3.08094938035495e-13
iter 8: 3.07029626495979e-13
iter 9: 3.08660637147732e-13
iter 10: 3.09024179863299e-13

LU_tempo: 16.8308930397034
iter_tempo: 1092.44781589508
residuo_tempo: 847.221505045891

--------------------------------------------------------------------------------
Region teste_fatoracaoLU_257, Group 1: L2CACHE
+-------------------+----------+
|    Region Info    |  Core 1  |
+-------------------+----------+
| RDTSC Runtime [s] | 0.047743 |
|     call count    |        1 |
+-------------------+----------+

+-----------------------+---------+-----------+
|         Event         | Counter |   Core 1  |
+-----------------------+---------+-----------+
|   INSTR_RETIRED_ANY   |  FIXC0  | 602456600 |
| CPU_CLK_UNHALTED_CORE |  FIXC1  | 177833700 |
|  CPU_CLK_UNHALTED_REF |  FIXC2  | 159898700 |
| L2_TRANS_ALL_REQUESTS |   PMC0  |  11879850 |
|     L2_RQSTS_MISS     |   PMC1  |   4665946 |
+-----------------------+---------+-----------+

+----------------------+-----------+
|        Metric        |   Core 1  |
+----------------------+-----------+
|  Runtime (RDTSC) [s] |    0.0477 |
| Runtime unhalted [s] |    0.0522 |
|      Clock [MHz]     | 3790.1555 |
|          CPI         |    0.2952 |
|    L2 request rate   |    0.0197 |
|     L2 miss rate     |    0.0077 |
|     L2 miss ratio    |    0.3928 |
+----------------------+-----------+

Region teste_residuo_257, Group 1: L2CACHE
+-------------------+----------+
|    Region Info    |  Core 1  |
+-------------------+----------+
| RDTSC Runtime [s] | 0.847224 |
|     call count    |       11 |
+-------------------+----------+

+-----------------------+---------+------------+
|         Event         | Counter |   Core 1   |
+-----------------------+---------+------------+
|   INSTR_RETIRED_ANY   |  FIXC0  | 9378986000 |
| CPU_CLK_UNHALTED_CORE |  FIXC1  | 3196535000 |
|  CPU_CLK_UNHALTED_REF |  FIXC2  | 2874018000 |
| L2_TRANS_ALL_REQUESTS |   PMC0  |   69025060 |
|     L2_RQSTS_MISS     |   PMC1  |   23835640 |
+-----------------------+---------+------------+

+----------------------+-----------+
|        Metric        |   Core 1  |
+----------------------+-----------+
|  Runtime (RDTSC) [s] |    0.8472 |
| Runtime unhalted [s] |    0.9380 |
|      Clock [MHz]     | 3790.3375 |
|          CPI         |    0.3408 |
|    L2 request rate   |    0.0074 |
|     L2 miss rate     |    0.0025 |
|     L2 miss ratio    |    0.3453 |
+----------------------+-----------+

--------------------------------------------------------------------------------
CPU name:	Intel(R) Core(TM) i5-7500 CPU @ 3.40GHz
CPU type:	Intel Coffeelake processor
CPU clock:	3.41 GHz
--------------------------------------------------------------------------------
matriz 1

tam : 512
iteracoes: 10

iter 1: 32
iter 2: 32
iter 3: 8.18355103931603e-12
iter 4: 5.26269983458729e-13
iter 5: 5.23033186481397e-13
iter 6: 5.24900994389688e-13
iter 7: 5.23084143633995e-13
iter 8: 5.21306739012077e-13
iter 9: 5.24106992133209e-13
iter 10: 5.24643863637956e-13

LU_tempo: 127.082759976387
iter_tempo: 1435.51716697216
residuo_tempo: 7156.49141597748

--------------------------------------------------------------------------------
Region teste_fatoracaoLU_512, Group 1: L2CACHE
+-------------------+----------+
|    Region Info    |  Core 1  |
+-------------------+----------+
| RDTSC Runtime [s] | 0.383037 |
|     call count    |        1 |
+-------------------+----------+

+-----------------------+---------+------------+
|         Event         | Counter |   Core 1   |
+-----------------------+---------+------------+
|   INSTR_RETIRED_ANY   |  FIXC0  | 4730694000 |
| CPU_CLK_UNHALTED_CORE |  FIXC1  | 1356715000 |
|  CPU_CLK_UNHALTED_REF |  FIXC2  | 1293959000 |
| L2_TRANS_ALL_REQUESTS |   PMC0  |   76317960 |
|     L2_RQSTS_MISS     |   PMC1  |   29678000 |
+-----------------------+---------+------------+

+----------------------+-----------+
|        Metric        |   Core 1  |
+----------------------+-----------+
|  Runtime (RDTSC) [s] |    0.3830 |
| Runtime unhalted [s] |    0.3981 |
|      Clock [MHz]     | 3573.2342 |
|          CPI         |    0.2868 |
|    L2 request rate   |    0.0161 |
|     L2 miss rate     |    0.0063 |
|     L2 miss ratio    |    0.3889 |
+----------------------+-----------+

Region teste_residuo_512, Group 1: L2CACHE
+-------------------+----------+
|    Region Info    |  Core 1  |
+-------------------+----------+
| RDTSC Runtime [s] | 7.156606 |
|     call count    |       11 |
+-------------------+----------+

+-----------------------+---------+-------------+
|         Event         | Counter |    Core 1   |
+-----------------------+---------+-------------+
|   INSTR_RETIRED_ANY   |  FIXC0  | 73990030000 |
| CPU_CLK_UNHALTED_CORE |  FIXC1  | 26979210000 |
|  CPU_CLK_UNHALTED_REF |  FIXC2  | 24258440000 |
| L2_TRANS_ALL_REQUESTS |   PMC0  |  2150065000 |
|     L2_RQSTS_MISS     |   PMC1  |   211231300 |
+-----------------------+---------+-------------+

+----------------------+-----------+
|        Metric        |   Core 1  |
+----------------------+-----------+
|  Runtime (RDTSC) [s] |    7.1566 |
| Runtime unhalted [s] |    7.9165 |
|      Clock [MHz]     | 3790.1791 |
|          CPI         |    0.3646 |
|    L2 request rate   |    0.0291 |
|     L2 miss rate     |    0.0029 |
|     L2 miss ratio    |    0.0982 |
+----------------------+-----------+

--------------------------------------------------------------------------------
CPU name:	Intel(R) Core(TM) i5-7500 CPU @ 3.40GHz
CPU type:	Intel Coffeelake processor
CPU clock:	3.41 GHz
--------------------------------------------------------------------------------
matriz 1

tam : 1000
iteracoes: 10

iter 1: 44.698993277254
iter 2: 44.698993277254
iter 3: 1.28493268872978e-10
iter 4: 1.10644206428314e-11
iter 5: 1.10756919431565e-11
iter 6: 1.10566677466384e-11
iter 7: 1.10516443820759e-11
iter 8: 1.10363246855038e-11
iter 9: 1.10581831550599e-11
iter 10: 1.10496367664549e-11

LU_tempo: 938.631129980087
iter_tempo: 3807.9759349823
residuo_tempo: 73095.9027577639

--------------------------------------------------------------------------------
Region teste_fatoracaoLU_1000, Group 1: L2CACHE
+-------------------+----------+
|    Region Info    |  Core 1  |
+-------------------+----------+
| RDTSC Runtime [s] | 2.752502 |
|     call count    |        1 |
+-------------------+----------+

+-----------------------+---------+-------------+
|         Event         | Counter |    Core 1   |
+-----------------------+---------+-------------+
|   INSTR_RETIRED_ANY   |  FIXC0  | 35126080000 |
| CPU_CLK_UNHALTED_CORE |  FIXC1  | 10280030000 |
|  CPU_CLK_UNHALTED_REF |  FIXC2  |  9315405000 |
| L2_TRANS_ALL_REQUESTS |   PMC0  |   598197500 |
|     L2_RQSTS_MISS     |   PMC1  |   198310700 |
+-----------------------+---------+-------------+

+----------------------+-----------+
|        Metric        |   Core 1  |
+----------------------+-----------+
|  Runtime (RDTSC) [s] |    2.7525 |
| Runtime unhalted [s] |    3.0165 |
|      Clock [MHz]     | 3760.8605 |
|          CPI         |    0.2927 |
|    L2 request rate   |    0.0170 |
|     L2 miss rate     |    0.0056 |
|     L2 miss ratio    |    0.3315 |
+----------------------+-----------+

Region teste_residuo_1000, Group 1: L2CACHE
+-------------------+-----------+
|    Region Info    |   Core 1  |
+-------------------+-----------+
| RDTSC Runtime [s] | 73.096110 |
|     call count    |        11 |
+-------------------+-----------+

+-----------------------+---------+--------------+
|         Event         | Counter |    Core 1    |
+-----------------------+---------+--------------+
|   INSTR_RETIRED_ANY   |  FIXC0  | 550649300000 |
| CPU_CLK_UNHALTED_CORE |  FIXC1  | 275448500000 |
|  CPU_CLK_UNHALTED_REF |  FIXC2  | 247655200000 |
| L2_TRANS_ALL_REQUESTS |   PMC0  |  21017740000 |
|     L2_RQSTS_MISS     |   PMC1  |   2979580000 |
+-----------------------+---------+--------------+

+----------------------+-----------+
|        Metric        |   Core 1  |
+----------------------+-----------+
|  Runtime (RDTSC) [s] |   73.0961 |
| Runtime unhalted [s] |   80.8250 |
|      Clock [MHz]     | 3790.4218 |
|          CPI         |    0.5002 |
|    L2 request rate   |    0.0382 |
|     L2 miss rate     |    0.0054 |
|     L2 miss ratio    |    0.1418 |
+----------------------+-----------+

--------------------------------------------------------------------------------
CPU name:	Intel(R) Core(TM) i5-7500 CPU @ 3.40GHz
CPU type:	Intel Coffeelake processor
CPU clock:	3.41 GHz
--------------------------------------------------------------------------------
matriz 1

tam : 2000
iteracoes: 10

iter 1: 63.166446789415
iter 2: 63.166446789415
iter 3: 2.61268159791864e-10
iter 4: 9.72440642694121e-12
iter 5: 9.71569317565137e-12
iter 6: 9.71837040360446e-12
iter 7: 9.71877914055708e-12
iter 8: 9.71672420865675e-12
iter 9: 9.71446887003567e-12
iter 10: 9.71297941688064e-12

LU_tempo: 7491.55167496204
iter_tempo: 22529.4934738874
residuo_tempo: 892090.923364043

--------------------------------------------------------------------------------
Region teste_fatoracaoLU_2000, Group 1: L2CACHE
+-------------------+-----------+
|    Region Info    |   Core 1  |
+-------------------+-----------+
| RDTSC Runtime [s] | 21.490430 |
|     call count    |         1 |
+-------------------+-----------+

+-----------------------+---------+--------------+
|         Event         | Counter |    Core 1    |
+-----------------------+---------+--------------+
|   INSTR_RETIRED_ANY   |  FIXC0  | 280504200000 |
| CPU_CLK_UNHALTED_CORE |  FIXC1  |  80953110000 |
|  CPU_CLK_UNHALTED_REF |  FIXC2  |  72785510000 |
| L2_TRANS_ALL_REQUESTS |   PMC0  |   4851782000 |
|     L2_RQSTS_MISS     |   PMC1  |   1485225000 |
+-----------------------+---------+--------------+

+----------------------+-----------+
|        Metric        |   Core 1  |
+----------------------+-----------+
|  Runtime (RDTSC) [s] |   21.4904 |
| Runtime unhalted [s] |   23.7548 |
|      Clock [MHz]     | 3790.2795 |
|          CPI         |    0.2886 |
|    L2 request rate   |    0.0173 |
|     L2 miss rate     |    0.0053 |
|     L2 miss ratio    |    0.3061 |
+----------------------+-----------+

Region teste_residuo_2000, Group 1: L2CACHE
+-------------------+------------+
|    Region Info    |   Core 1   |
+-------------------+------------+
| RDTSC Runtime [s] | 892.152300 |
|     call count    |         11 |
+-------------------+------------+

+-----------------------+---------+---------------+
|         Event         | Counter |     Core 1    |
+-----------------------+---------+---------------+
|   INSTR_RETIRED_ANY   |  FIXC0  | 4402597000000 |
| CPU_CLK_UNHALTED_CORE |  FIXC1  | 3361487000000 |
|  CPU_CLK_UNHALTED_REF |  FIXC2  | 3022369000000 |
| L2_TRANS_ALL_REQUESTS |   PMC0  |  535432000000 |
|     L2_RQSTS_MISS     |   PMC1  |  207958000000 |
+-----------------------+---------+---------------+

+----------------------+-----------+
|        Metric        |   Core 1  |
+----------------------+-----------+
|  Runtime (RDTSC) [s] |  892.1523 |
| Runtime unhalted [s] |  986.3903 |
|      Clock [MHz]     | 3790.2389 |
|          CPI         |    0.7635 |
|    L2 request rate   |    0.1216 |
|     L2 miss rate     |    0.0472 |
|     L2 miss ratio    |    0.3884 |
+----------------------+-----------+

--------------------------------------------------------------------------------
CPU name:	Intel(R) Core(TM) i5-7500 CPU @ 3.40GHz
CPU type:	Intel Coffeelake processor
CPU clock:	3.41 GHz
--------------------------------------------------------------------------------
matriz 1

tam : 4000
iteracoes: 10

iter 1: 89.4203556244329
iter 2: 89.4203556244329
iter 3: 1.61818783698607e-09
iter 4: 1.87344257326949e-11
iter 5: 1.87158144578438e-11
iter 6: 1.87169579155481e-11
iter 7: 1.87139736539615e-11
iter 8: 1.87227048578447e-11
iter 9: 1.87166446006945e-11
iter 10: 1.87230497395068e-11

LU_tempo: 59694.3470849991
iter_tempo: 170583.345041037
residuo_tempo: 4768830.34553313

--------------------------------------------------------------------------------
Region teste_fatoracaoLU_4000, Group 1: L2CACHE
+-------------------+------------+
|    Region Info    |   Core 1   |
+-------------------+------------+
| RDTSC Runtime [s] | 169.519200 |
|     call count    |          1 |
+-------------------+------------+

+-----------------------+---------+---------------+
|         Event         | Counter |     Core 1    |
+-----------------------+---------+---------------+
|   INSTR_RETIRED_ANY   |  FIXC0  | 2242016000000 |
| CPU_CLK_UNHALTED_CORE |  FIXC1  |  638916000000 |
|  CPU_CLK_UNHALTED_REF |  FIXC2  |  574538100000 |
| L2_TRANS_ALL_REQUESTS |   PMC0  |   43692010000 |
|     L2_RQSTS_MISS     |   PMC1  |   11283910000 |
+-----------------------+---------+---------------+

+----------------------+-----------+
|        Metric        |   Core 1  |
+----------------------+-----------+
|  Runtime (RDTSC) [s] |  169.5192 |
| Runtime unhalted [s] |  187.4774 |
|      Clock [MHz]     | 3789.8301 |
|          CPI         |    0.2850 |
|    L2 request rate   |    0.0195 |
|     L2 miss rate     |    0.0050 |
|     L2 miss ratio    |    0.2583 |
+----------------------+-----------+

Region teste_residuo_4000, Group 1: L2CACHE
+-------------------+-------------+
|    Region Info    |    Core 1   |
+-------------------+-------------+
| RDTSC Runtime [s] | 4768.837000 |
|     call count    |          11 |
+-------------------+-------------+

+-----------------------+---------+----------------+
|         Event         | Counter |     Core 1     |
+-----------------------+---------+----------------+
|   INSTR_RETIRED_ANY   |  FIXC0  | 35210390000000 |
| CPU_CLK_UNHALTED_CORE |  FIXC1  | 17971000000000 |
|  CPU_CLK_UNHALTED_REF |  FIXC2  | 16158140000000 |
| L2_TRANS_ALL_REQUESTS |   PMC0  |  6335635000000 |
|     L2_RQSTS_MISS     |   PMC1  |  2981901000000 |
+-----------------------+---------+----------------+

+----------------------+-----------+
|        Metric        |   Core 1  |
+----------------------+-----------+
|  Runtime (RDTSC) [s] | 4768.8370 |
| Runtime unhalted [s] | 5273.2388 |
|      Clock [MHz]     | 3790.3183 |
|          CPI         |    0.5104 |
|    L2 request rate   |    0.1799 |
|     L2 miss rate     |    0.0847 |
|     L2 miss ratio    |    0.4707 |
+----------------------+-----------+

