--------------------------------------------------------------------------------
CPU name:	Intel(R) Core(TM) i5-7500 CPU @ 3.40GHz
CPU type:	Intel Coffeelake processor
CPU clock:	3.41 GHz
--------------------------------------------------------------------------------
matriz 1

tam : 257
iteracoes: 10

iter 1: 22.6715680975093
iter 2: 22.6715680975093
iter 3: 1.83175334896599e-12
iter 4: 3.09965978913707e-13
iter 5: 3.06790616803033e-13
iter 6: 3.06873203123891e-13
iter 7: 3.08094938035495e-13
iter 8: 3.07029626495979e-13
iter 9: 3.08660637147732e-13
iter 10: 3.09024179863299e-13

LU_tempo: 16.9656130075455
iter_tempo: 1123.05867397785
residuo_tempo: 849.033043980598

--------------------------------------------------------------------------------
Region teste_fatoracaoLU_257, Group 1: L2CACHE
+-------------------+----------+
|    Region Info    |  Core 1  |
+-------------------+----------+
| RDTSC Runtime [s] | 0.068368 |
|     call count    |        1 |
+-------------------+----------+

+-----------------------+---------+-----------+
|         Event         | Counter |   Core 1  |
+-----------------------+---------+-----------+
|   INSTR_RETIRED_ANY   |  FIXC0  | 602456600 |
| CPU_CLK_UNHALTED_CORE |  FIXC1  | 177600600 |
|  CPU_CLK_UNHALTED_REF |  FIXC2  | 229586700 |
| L2_TRANS_ALL_REQUESTS |   PMC0  |  11886840 |
|     L2_RQSTS_MISS     |   PMC1  |   4685941 |
+-----------------------+---------+-----------+

+----------------------+-----------+
|        Metric        |   Core 1  |
+----------------------+-----------+
|  Runtime (RDTSC) [s] |    0.0684 |
| Runtime unhalted [s] |    0.0521 |
|      Clock [MHz]     | 2636.2908 |
|          CPI         |    0.2948 |
|    L2 request rate   |    0.0197 |
|     L2 miss rate     |    0.0078 |
|     L2 miss ratio    |    0.3942 |
+----------------------+-----------+

Region teste_residuo_257, Group 1: L2CACHE
+-------------------+----------+
|    Region Info    |  Core 1  |
+-------------------+----------+
| RDTSC Runtime [s] | 0.849040 |
|     call count    |       11 |
+-------------------+----------+

+-----------------------+---------+------------+
|         Event         | Counter |   Core 1   |
+-----------------------+---------+------------+
|   INSTR_RETIRED_ANY   |  FIXC0  | 9378986000 |
| CPU_CLK_UNHALTED_CORE |  FIXC1  | 3206333000 |
|  CPU_CLK_UNHALTED_REF |  FIXC2  | 2882605000 |
| L2_TRANS_ALL_REQUESTS |   PMC0  |   71505420 |
|     L2_RQSTS_MISS     |   PMC1  |   24271210 |
+-----------------------+---------+------------+

+----------------------+-----------+
|        Metric        |   Core 1  |
+----------------------+-----------+
|  Runtime (RDTSC) [s] |    0.8490 |
| Runtime unhalted [s] |    0.9408 |
|      Clock [MHz]     | 3790.6973 |
|          CPI         |    0.3419 |
|    L2 request rate   |    0.0076 |
|     L2 miss rate     |    0.0026 |
|     L2 miss ratio    |    0.3394 |
+----------------------+-----------+

