--------------------------------------------------------------------------------
CPU name:	Intel(R) Core(TM) i5-7500 CPU @ 3.40GHz
CPU type:	Intel Coffeelake processor
CPU clock:	3.41 GHz
--------------------------------------------------------------------------------
matriz 1

tam : 64
iteracoes: 10

iter 1: 11.3137084989848
iter 2: 11.3137084989848
iter 3: 1.99559134064116e-12
iter 4: 5.94657204053199e-13
iter 5: 6.13223157278124e-13
iter 6: 5.89258231261579e-13
iter 7: 5.945082311191e-13
iter 8: 6.10796374364997e-13
iter 9: 6.03802733857367e-13
iter 10: 6.1897336951794e-13

LU_tempo: 0.402186989784241
iter_tempo: 1041.05032908916
residuo_tempo: 10.9613610506058

--------------------------------------------------------------------------------
Region teste_fatoracaoLU_64, Group 1: L2CACHE
+-------------------+----------+
|    Region Info    |  Core 1  |
+-------------------+----------+
| RDTSC Runtime [s] | 0.000829 |
|     call count    |        1 |
+-------------------+----------+

+-----------------------+---------+---------+
|         Event         | Counter |  Core 1 |
+-----------------------+---------+---------+
|   INSTR_RETIRED_ANY   |  FIXC0  | 9700262 |
| CPU_CLK_UNHALTED_CORE |  FIXC1  | 3002480 |
|  CPU_CLK_UNHALTED_REF |  FIXC2  | 2772124 |
| L2_TRANS_ALL_REQUESTS |   PMC0  |  137043 |
|     L2_RQSTS_MISS     |   PMC1  |   16889 |
+-----------------------+---------+---------+

+----------------------+-----------+
|        Metric        |   Core 1  |
+----------------------+-----------+
|  Runtime (RDTSC) [s] |    0.0008 |
| Runtime unhalted [s] |    0.0009 |
|      Clock [MHz]     | 3691.1401 |
|          CPI         |    0.3095 |
|    L2 request rate   |    0.0141 |
|     L2 miss rate     |    0.0017 |
|     L2 miss ratio    |    0.1232 |
+----------------------+-----------+

Region teste_residuo_64, Group 1: L2CACHE
+-------------------+----------+
|    Region Info    |  Core 1  |
+-------------------+----------+
| RDTSC Runtime [s] | 0.010963 |
|     call count    |       11 |
+-------------------+----------+

+-----------------------+---------+-----------+
|         Event         | Counter |   Core 1  |
+-----------------------+---------+-----------+
|   INSTR_RETIRED_ANY   |  FIXC0  | 146892700 |
| CPU_CLK_UNHALTED_CORE |  FIXC1  |  40711030 |
|  CPU_CLK_UNHALTED_REF |  FIXC2  |  36610160 |
| L2_TRANS_ALL_REQUESTS |   PMC0  |   1210080 |
|     L2_RQSTS_MISS     |   PMC1  |    134284 |
+-----------------------+---------+-----------+

+----------------------+-----------+
|        Metric        |   Core 1  |
+----------------------+-----------+
|  Runtime (RDTSC) [s] |    0.0110 |
| Runtime unhalted [s] |    0.0119 |
|      Clock [MHz]     | 3789.6886 |
|          CPI         |    0.2771 |
|    L2 request rate   |    0.0082 |
|     L2 miss rate     |    0.0009 |
|     L2 miss ratio    |    0.1110 |
+----------------------+-----------+

