--------------------------------------------------------------------------------
CPU name:	Intel(R) Core(TM) i5-7500 CPU @ 3.40GHz
CPU type:	Intel Coffeelake processor
CPU clock:	3.41 GHz
--------------------------------------------------------------------------------
matriz 1

tam : 512
iteracoes: 10

iter 1: 32
iter 2: 32
iter 3: 8.18355103931603e-12
iter 4: 5.26269983458729e-13
iter 5: 5.23033186481397e-13
iter 6: 5.24900994389688e-13
iter 7: 5.23084143633995e-13
iter 8: 5.21306739012077e-13
iter 9: 5.24106992133209e-13
iter 10: 5.24643863637956e-13

LU_tempo: 127.810642004013
iter_tempo: 1473.3683630228
residuo_tempo: 7150.52599179745

--------------------------------------------------------------------------------
Region teste_fatoracaoLU_512, Group 1: L3
+-------------------+----------+
|    Region Info    |  Core 1  |
+-------------------+----------+
| RDTSC Runtime [s] | 0.420701 |
|     call count    |        1 |
+-------------------+----------+

+-----------------------+---------+------------+
|         Event         | Counter |   Core 1   |
+-----------------------+---------+------------+
|   INSTR_RETIRED_ANY   |  FIXC0  | 4730694000 |
| CPU_CLK_UNHALTED_CORE |  FIXC1  | 1500153000 |
|  CPU_CLK_UNHALTED_REF |  FIXC2  | 1424091000 |
|    L2_LINES_IN_ALL    |   PMC0  |   26564880 |
|     L2_TRANS_L2_WB    |   PMC1  |    1363089 |
+-----------------------+---------+------------+

+-------------------------------+-----------+
|             Metric            |   Core 1  |
+-------------------------------+-----------+
|      Runtime (RDTSC) [s]      |    0.4207 |
|      Runtime unhalted [s]     |    0.4402 |
|          Clock [MHz]          | 3589.9868 |
|              CPI              |    0.3171 |
|  L3 load bandwidth [MBytes/s] | 4041.2396 |
|  L3 load data volume [GBytes] |    1.7002 |
| L3 evict bandwidth [MBytes/s] |  207.3628 |
| L3 evict data volume [GBytes] |    0.0872 |
|    L3 bandwidth [MBytes/s]    | 4248.6024 |
|    L3 data volume [GBytes]    |    1.7874 |
+-------------------------------+-----------+

Region teste_residuo_512, Group 1: L3
+-------------------+----------+
|    Region Info    |  Core 1  |
+-------------------+----------+
| RDTSC Runtime [s] | 7.150558 |
|     call count    |       11 |
+-------------------+----------+

+-----------------------+---------+-------------+
|         Event         | Counter |    Core 1   |
+-----------------------+---------+-------------+
|   INSTR_RETIRED_ANY   |  FIXC0  | 73990030000 |
| CPU_CLK_UNHALTED_CORE |  FIXC1  | 26967790000 |
|  CPU_CLK_UNHALTED_REF |  FIXC2  | 24250500000 |
|    L2_LINES_IN_ALL    |   PMC0  |   212657900 |
|     L2_TRANS_L2_WB    |   PMC1  |     4972977 |
+-----------------------+---------+-------------+

+-------------------------------+-----------+
|             Metric            |   Core 1  |
+-------------------------------+-----------+
|      Runtime (RDTSC) [s]      |    7.1506 |
|      Runtime unhalted [s]     |    7.9132 |
|          Clock [MHz]          | 3789.8297 |
|              CPI              |    0.3645 |
|  L3 load bandwidth [MBytes/s] | 1903.3627 |
|  L3 load data volume [GBytes] |   13.6101 |
| L3 evict bandwidth [MBytes/s] |   44.5099 |
| L3 evict data volume [GBytes] |    0.3183 |
|    L3 bandwidth [MBytes/s]    | 1947.8726 |
|    L3 data volume [GBytes]    |   13.9284 |
+-------------------------------+-----------+

