--------------------------------------------------------------------------------
CPU name:	Intel(R) Core(TM) i5-7500 CPU @ 3.40GHz
CPU type:	Intel Coffeelake processor
CPU clock:	3.41 GHz
--------------------------------------------------------------------------------
matriz 1

tam : 2000
iteracoes: 10

iter 1: 63.166446789415
iter 2: 63.166446789415
iter 3: 2.61268159791864e-10
iter 4: 9.72440642694121e-12
iter 5: 9.71569317565137e-12
iter 6: 9.71837040360446e-12
iter 7: 9.71877914055708e-12
iter 8: 9.71672420865675e-12
iter 9: 9.71446887003567e-12
iter 10: 9.71297941688064e-12

LU_tempo: 7495.98290705681
iter_tempo: 22737.0850119591
residuo_tempo: 803574.248678684

--------------------------------------------------------------------------------
Region teste_fatoracaoLU_2000, Group 1: L3
+-------------------+-----------+
|    Region Info    |   Core 1  |
+-------------------+-----------+
| RDTSC Runtime [s] | 21.676630 |
|     call count    |         1 |
+-------------------+-----------+

+-----------------------+---------+--------------+
|         Event         | Counter |    Core 1    |
+-----------------------+---------+--------------+
|   INSTR_RETIRED_ANY   |  FIXC0  | 280504200000 |
| CPU_CLK_UNHALTED_CORE |  FIXC1  |  81283540000 |
|  CPU_CLK_UNHALTED_REF |  FIXC2  |  73271130000 |
|    L2_LINES_IN_ALL    |   PMC0  |   1189204000 |
|     L2_TRANS_L2_WB    |   PMC1  |   1037752000 |
+-----------------------+---------+--------------+

+-------------------------------+-----------+
|             Metric            |   Core 1  |
+-------------------------------+-----------+
|      Runtime (RDTSC) [s]      |   21.6766 |
|      Runtime unhalted [s]     |   23.8511 |
|          Clock [MHz]          | 3780.6312 |
|              CPI              |    0.2898 |
|  L3 load bandwidth [MBytes/s] | 3511.1111 |
|  L3 load data volume [GBytes] |   76.1091 |
| L3 evict bandwidth [MBytes/s] | 3063.9508 |
| L3 evict data volume [GBytes] |   66.4161 |
|    L3 bandwidth [MBytes/s]    | 6575.0619 |
|    L3 data volume [GBytes]    |  142.5252 |
+-------------------------------+-----------+

Region teste_residuo_2000, Group 1: L3
+-------------------+------------+
|    Region Info    |   Core 1   |
+-------------------+------------+
| RDTSC Runtime [s] | 803.580500 |
|     call count    |         11 |
+-------------------+------------+

+-----------------------+---------+---------------+
|         Event         | Counter |     Core 1    |
+-----------------------+---------+---------------+
|   INSTR_RETIRED_ANY   |  FIXC0  | 4402694000000 |
| CPU_CLK_UNHALTED_CORE |  FIXC1  | 3001161000000 |
|  CPU_CLK_UNHALTED_REF |  FIXC2  | 2707652000000 |
|    L2_LINES_IN_ALL    |   PMC0  |  108775800000 |
|     L2_TRANS_L2_WB    |   PMC1  |    2449421000 |
+-----------------------+---------+---------------+

+-------------------------------+-----------+
|             Metric            |   Core 1  |
+-------------------------------+-----------+
|      Runtime (RDTSC) [s]      |  803.5805 |
|      Runtime unhalted [s]     |  880.6325 |
|          Clock [MHz]          | 3777.3832 |
|              CPI              |    0.6817 |
|  L3 load bandwidth [MBytes/s] | 8663.2904 |
|  L3 load data volume [GBytes] | 6961.6512 |
| L3 evict bandwidth [MBytes/s] |  195.0806 |
| L3 evict data volume [GBytes] |  156.7629 |
|    L3 bandwidth [MBytes/s]    | 8858.3709 |
|    L3 data volume [GBytes]    | 7118.4141 |
+-------------------------------+-----------+

