--------------------------------------------------------------------------------
CPU name:	Intel(R) Core(TM) i5-7500 CPU @ 3.40GHz
CPU type:	Intel Coffeelake processor
CPU clock:	3.41 GHz
--------------------------------------------------------------------------------
matriz 1

tam : 64
iteracoes: 10

iter 1: 11.3137084989848
iter 2: 11.3137084989848
iter 3: 1.99559134064116e-12
iter 4: 5.94657204053199e-13
iter 5: 6.13223157278124e-13
iter 6: 5.89258231261579e-13
iter 7: 5.945082311191e-13
iter 8: 6.10796374364997e-13
iter 9: 6.03802733857367e-13
iter 10: 6.1897336951794e-13

LU_tempo: 0.378663063049316
iter_tempo: 1059.25964295864
residuo_tempo: 21.9691888093948

--------------------------------------------------------------------------------
Region teste_fatoracaoLU_64, Group 1: L3
+-------------------+----------+
|    Region Info    |  Core 1  |
+-------------------+----------+
| RDTSC Runtime [s] | 0.003895 |
|     call count    |        1 |
+-------------------+----------+

+-----------------------+---------+----------+
|         Event         | Counter |  Core 1  |
+-----------------------+---------+----------+
|   INSTR_RETIRED_ANY   |  FIXC0  |  9700320 |
| CPU_CLK_UNHALTED_CORE |  FIXC1  |  2989893 |
|  CPU_CLK_UNHALTED_REF |  FIXC2  | 12766650 |
|    L2_LINES_IN_ALL    |   PMC0  |    12143 |
|     L2_TRANS_L2_WB    |   PMC1  |     1426 |
+-----------------------+---------+----------+

+-------------------------------+----------+
|             Metric            |  Core 1  |
+-------------------------------+----------+
|      Runtime (RDTSC) [s]      |   0.0039 |
|      Runtime unhalted [s]     |   0.0009 |
|          Clock [MHz]          | 798.1302 |
|              CPI              |   0.3082 |
|  L3 load bandwidth [MBytes/s] | 199.5410 |
|  L3 load data volume [GBytes] |   0.0008 |
| L3 evict bandwidth [MBytes/s] |  23.4329 |
| L3 evict data volume [GBytes] |   0.0001 |
|    L3 bandwidth [MBytes/s]    | 222.9739 |
|    L3 data volume [GBytes]    |   0.0009 |
+-------------------------------+----------+

Region teste_residuo_64, Group 1: L3
+-------------------+----------+
|    Region Info    |  Core 1  |
+-------------------+----------+
| RDTSC Runtime [s] | 0.021982 |
|     call count    |       11 |
+-------------------+----------+

+-----------------------+---------+-----------+
|         Event         | Counter |   Core 1  |
+-----------------------+---------+-----------+
|   INSTR_RETIRED_ANY   |  FIXC0  | 146893000 |
| CPU_CLK_UNHALTED_CORE |  FIXC1  |  40713280 |
|  CPU_CLK_UNHALTED_REF |  FIXC2  |  74263020 |
|    L2_LINES_IN_ALL    |   PMC0  |     84754 |
|     L2_TRANS_L2_WB    |   PMC1  |      7343 |
+-----------------------+---------+-----------+

+-------------------------------+-----------+
|             Metric            |   Core 1  |
+-------------------------------+-----------+
|      Runtime (RDTSC) [s]      |    0.0220 |
|      Runtime unhalted [s]     |    0.0119 |
|          Clock [MHz]          | 1868.3513 |
|              CPI              |    0.2772 |
|  L3 load bandwidth [MBytes/s] |  246.7639 |
|  L3 load data volume [GBytes] |    0.0054 |
| L3 evict bandwidth [MBytes/s] |   21.3794 |
| L3 evict data volume [GBytes] |    0.0005 |
|    L3 bandwidth [MBytes/s]    |  268.1433 |
|    L3 data volume [GBytes]    |    0.0059 |
+-------------------------------+-----------+

