--------------------------------------------------------------------------------
CPU name:	Intel(R) Core(TM) i5-7500 CPU @ 3.40GHz
CPU type:	Intel Coffeelake processor
CPU clock:	3.41 GHz
--------------------------------------------------------------------------------
matriz 1

tam : 129
iteracoes: 10

iter 1: 16
iter 2: 16
iter 3: 4.14872807949672e-13
iter 4: 1.05077776197137e-13
iter 5: 1.04005970324237e-13
iter 6: 1.02595764554899e-13
iter 7: 1.03580850018435e-13
iter 8: 1.05039874911105e-13
iter 9: 1.02678694173791e-13
iter 10: 1.03650434701921e-13

LU_tempo: 2.96130502223969
iter_tempo: 1075.55004191399
residuo_tempo: 106.122021913528

--------------------------------------------------------------------------------
Region teste_fatoracaoLU_129, Group 1: L3
+-------------------+----------+
|    Region Info    |  Core 1  |
+-------------------+----------+
| RDTSC Runtime [s] | 0.022719 |
|     call count    |        1 |
+-------------------+----------+

+-----------------------+---------+----------+
|         Event         | Counter |  Core 1  |
+-----------------------+---------+----------+
|   INSTR_RETIRED_ANY   |  FIXC0  | 77244860 |
| CPU_CLK_UNHALTED_CORE |  FIXC1  | 23512060 |
|  CPU_CLK_UNHALTED_REF |  FIXC2  | 75353150 |
|    L2_LINES_IN_ALL    |   PMC0  |   454578 |
|     L2_TRANS_L2_WB    |   PMC1  |    24874 |
+-----------------------+---------+----------+

+-------------------------------+-----------+
|             Metric            |   Core 1  |
+-------------------------------+-----------+
|      Runtime (RDTSC) [s]      |    0.0227 |
|      Runtime unhalted [s]     |    0.0069 |
|          Clock [MHz]          | 1063.2400 |
|              CPI              |    0.3044 |
|  L3 load bandwidth [MBytes/s] | 1280.5572 |
|  L3 load data volume [GBytes] |    0.0291 |
| L3 evict bandwidth [MBytes/s] |   70.0707 |
| L3 evict data volume [GBytes] |    0.0016 |
|    L3 bandwidth [MBytes/s]    | 1350.6279 |
|    L3 data volume [GBytes]    |    0.0307 |
+-------------------------------+-----------+

Region teste_residuo_129, Group 1: L3
+-------------------+----------+
|    Region Info    |  Core 1  |
+-------------------+----------+
| RDTSC Runtime [s] | 0.106124 |
|     call count    |       11 |
+-------------------+----------+

+-----------------------+---------+------------+
|         Event         | Counter |   Core 1   |
+-----------------------+---------+------------+
|   INSTR_RETIRED_ANY   |  FIXC0  | 1191547000 |
| CPU_CLK_UNHALTED_CORE |  FIXC1  |  376713600 |
|  CPU_CLK_UNHALTED_REF |  FIXC2  |  360111400 |
|    L2_LINES_IN_ALL    |   PMC0  |    1297228 |
|     L2_TRANS_L2_WB    |   PMC1  |      41926 |
+-----------------------+---------+------------+

+-------------------------------+-----------+
|             Metric            |   Core 1  |
+-------------------------------+-----------+
|      Runtime (RDTSC) [s]      |    0.1061 |
|      Runtime unhalted [s]     |    0.1106 |
|          Clock [MHz]          | 3564.6465 |
|              CPI              |    0.3162 |
|  L3 load bandwidth [MBytes/s] |  782.3161 |
|  L3 load data volume [GBytes] |    0.0830 |
| L3 evict bandwidth [MBytes/s] |   25.2842 |
| L3 evict data volume [GBytes] |    0.0027 |
|    L3 bandwidth [MBytes/s]    |  807.6003 |
|    L3 data volume [GBytes]    |    0.0857 |
+-------------------------------+-----------+

